#-----------------------------------------------------------
# Vivado v2020.2 (64-bit)
# SW Build 3064766 on Wed Nov 18 09:12:45 MST 2020
# IP Build 3064653 on Wed Nov 18 14:17:31 MST 2020
# Start of session at: Tue Mar  9 16:30:09 2021
# Process ID: 4872
# Current directory: C:/Users/egeme/Digital-electronics-1/Labs/04-segment/display
# Command line: vivado.exe -gui_launcher_event rodinguilauncherevent18868 C:\Users\egeme\Digital-electronics-1\Labs\04-segment\display\display.xpr
# Log file: C:/Users/egeme/Digital-electronics-1/Labs/04-segment/display/vivado.log
# Journal file: C:/Users/egeme/Digital-electronics-1/Labs/04-segment/display\vivado.jou
#-----------------------------------------------------------
start_gui
open_project C:/Users/egeme/Digital-electronics-1/Labs/04-segment/display/display.xpr
WARNING: [filemgmt 56-3] Default IP Output Path : Could not find the directory 'C:/Users/egeme/Digital-electronics-1/Labs/04-segment/display/display.gen/sources_1'.
Scanning sources...
Finished scanning sources
INFO: [IP_Flow 19-234] Refreshing IP repositories
INFO: [IP_Flow 19-1704] No user IP repositories specified
INFO: [IP_Flow 19-2313] Loaded Vivado IP repository 'D:/Xilinx/Vivado/2020.2/data/ip'.
open_project: Time (s): cpu = 00:00:13 ; elapsed = 00:00:19 . Memory (MB): peak = 923.906 ; gain = 0.000
update_compile_order -fileset sources_1
launch_simulation
Command: launch_simulation 
INFO: [Vivado 12-5682] Launching behavioral simulation in 'C:/Users/egeme/Digital-electronics-1/Labs/04-segment/display/display.sim/sim_1/behav/xsim'
INFO: [SIM-utils-51] Simulation object is 'sim_1'
INFO: [SIM-utils-54] Inspecting design source files for 'tb_hex_7seg' in fileset 'sim_1'...
INFO: [USF-XSim-97] Finding global include files...
INFO: [USF-XSim-98] Fetching design files from 'sim_1'...
INFO: [USF-XSim-2] XSim::Compile design
INFO: [USF-XSim-61] Executing 'COMPILE and ANALYZE' step in 'C:/Users/egeme/Digital-electronics-1/Labs/04-segment/display/display.sim/sim_1/behav/xsim'
"xvhdl --incr --relax -prj tb_hex_7seg_vhdl.prj"
INFO: [USF-XSim-69] 'compile' step finished in '4' seconds
INFO: [USF-XSim-3] XSim::Elaborate design
INFO: [USF-XSim-61] Executing 'ELABORATE' step in 'C:/Users/egeme/Digital-electronics-1/Labs/04-segment/display/display.sim/sim_1/behav/xsim'
"xelab -wto 4af21a07f57d468086a43a2a528bbb39 --incr --debug typical --relax --mt 2 -L xil_defaultlib -L secureip --snapshot tb_hex_7seg_behav xil_defaultlib.tb_hex_7seg -log elaborate.log"
Vivado Simulator 2020.2
Copyright 1986-1999, 2001-2020 Xilinx, Inc. All Rights Reserved.
Running: D:/Xilinx/Vivado/2020.2/bin/unwrapped/win64.o/xelab.exe -wto 4af21a07f57d468086a43a2a528bbb39 --incr --debug typical --relax --mt 2 -L xil_defaultlib -L secureip --snapshot tb_hex_7seg_behav xil_defaultlib.tb_hex_7seg -log elaborate.log 
Using 2 slave threads.
Starting static elaboration
Completed static elaboration
INFO: [XSIM 43-4323] No Change in HDL. Linking previously generated obj files to create kernel
INFO: [USF-XSim-69] 'elaborate' step finished in '5' seconds
INFO: [USF-XSim-4] XSim::Simulate design
INFO: [USF-XSim-61] Executing 'SIMULATE' step in 'C:/Users/egeme/Digital-electronics-1/Labs/04-segment/display/display.sim/sim_1/behav/xsim'
INFO: [USF-XSim-98] *** Running xsim
   with args "tb_hex_7seg_behav -key {Behavioral:sim_1:Functional:tb_hex_7seg} -tclbatch {tb_hex_7seg.tcl} -log {simulate.log}"
INFO: [USF-XSim-8] Loading simulator feature
Vivado Simulator 2020.2
Time resolution is 1 ps
source tb_hex_7seg.tcl
# set curr_wave [current_wave_config]
# if { [string length $curr_wave] == 0 } {
#   if { [llength [get_objects]] > 0} {
#     add_wave /
#     set_property needs_save false [current_wave_config]
#   } else {
#      send_msg_id Add_Wave-1 WARNING "No top level signals found. Simulator will start without a wave window. If you want to open a wave window go to 'File->New Waveform Configuration' or type 'create_wave_config' in the TCL console."
#   }
# }
# run 1000ns
Note: Stimulus process started
Time: 0 ps  Iteration: 0  Process: /tb_hex_7seg/p_stimulus  File: C:/Users/egeme/Digital-electronics-1/Labs/04-segment/display/display.srcs/sim_1/new/tb_hex_7seg.vhd
INFO: [USF-XSim-96] XSim completed. Design snapshot 'tb_hex_7seg_behav' loaded.
INFO: [USF-XSim-97] XSim simulation ran for 1000ns
launch_simulation: Time (s): cpu = 00:00:06 ; elapsed = 00:00:16 . Memory (MB): peak = 923.906 ; gain = 0.000
close_sim
INFO: [Simtcl 6-16] Simulation closed
close_sim: Time (s): cpu = 00:00:01 ; elapsed = 00:00:08 . Memory (MB): peak = 923.906 ; gain = 0.000
launch_simulation
Command: launch_simulation 
INFO: [Vivado 12-5682] Launching behavioral simulation in 'C:/Users/egeme/Digital-electronics-1/Labs/04-segment/display/display.sim/sim_1/behav/xsim'
INFO: [SIM-utils-51] Simulation object is 'sim_1'
INFO: [SIM-utils-54] Inspecting design source files for 'tb_hex_7seg' in fileset 'sim_1'...
INFO: [USF-XSim-97] Finding global include files...
INFO: [USF-XSim-98] Fetching design files from 'sim_1'...
INFO: [USF-XSim-2] XSim::Compile design
INFO: [USF-XSim-61] Executing 'COMPILE and ANALYZE' step in 'C:/Users/egeme/Digital-electronics-1/Labs/04-segment/display/display.sim/sim_1/behav/xsim'
"xvhdl --incr --relax -prj tb_hex_7seg_vhdl.prj"
INFO: [VRFC 10-163] Analyzing VHDL file "C:/Users/egeme/Digital-electronics-1/Labs/04-segment/display/display.srcs/sim_1/new/tb_hex_7seg.vhd" into library xil_defaultlib
INFO: [VRFC 10-3107] analyzing entity 'tb_hex_7seg'
INFO: [USF-XSim-69] 'compile' step finished in '1' seconds
INFO: [USF-XSim-3] XSim::Elaborate design
INFO: [USF-XSim-61] Executing 'ELABORATE' step in 'C:/Users/egeme/Digital-electronics-1/Labs/04-segment/display/display.sim/sim_1/behav/xsim'
"xelab -wto 4af21a07f57d468086a43a2a528bbb39 --incr --debug typical --relax --mt 2 -L xil_defaultlib -L secureip --snapshot tb_hex_7seg_behav xil_defaultlib.tb_hex_7seg -log elaborate.log"
Vivado Simulator 2020.2
Copyright 1986-1999, 2001-2020 Xilinx, Inc. All Rights Reserved.
Running: D:/Xilinx/Vivado/2020.2/bin/unwrapped/win64.o/xelab.exe -wto 4af21a07f57d468086a43a2a528bbb39 --incr --debug typical --relax --mt 2 -L xil_defaultlib -L secureip --snapshot tb_hex_7seg_behav xil_defaultlib.tb_hex_7seg -log elaborate.log 
Using 2 slave threads.
Starting static elaboration
Completed static elaboration
Starting simulation data flow analysis
Completed simulation data flow analysis
Time Resolution for simulation is 1ps
Compiling package std.standard
Compiling package std.textio
Compiling package ieee.std_logic_1164
Compiling architecture behavioral of entity xil_defaultlib.hex_7seg [hex_7seg_default]
Compiling architecture behavioral of entity xil_defaultlib.tb_hex_7seg
Built simulation snapshot tb_hex_7seg_behav

****** Webtalk v2020.2 (64-bit)
  **** SW Build 3064766 on Wed Nov 18 09:12:45 MST 2020
  **** IP Build 3064653 on Wed Nov 18 14:17:31 MST 2020
    ** Copyright 1986-2020 Xilinx, Inc. All Rights Reserved.

source C:/Users/egeme/Digital-electronics-1/Labs/04-segment/display/display.sim/sim_1/behav/xsim/xsim.dir/tb_hex_7seg_behav/webtalk/xsim_webtalk.tcl -notrace
INFO: [Common 17-186] 'C:/Users/egeme/Digital-electronics-1/Labs/04-segment/display/display.sim/sim_1/behav/xsim/xsim.dir/tb_hex_7seg_behav/webtalk/usage_statistics_ext_xsim.xml' has been successfully sent to Xilinx on Tue Mar  9 17:09:13 2021. For additional details about this file, please refer to the WebTalk help file at D:/Xilinx/Vivado/2020.2/doc/webtalk_introduction.html.
INFO: [Common 17-206] Exiting Webtalk at Tue Mar  9 17:09:13 2021...
run_program: Time (s): cpu = 00:00:00 ; elapsed = 00:00:10 . Memory (MB): peak = 923.906 ; gain = 0.000
INFO: [USF-XSim-69] 'elaborate' step finished in '11' seconds
INFO: [USF-XSim-4] XSim::Simulate design
INFO: [USF-XSim-61] Executing 'SIMULATE' step in 'C:/Users/egeme/Digital-electronics-1/Labs/04-segment/display/display.sim/sim_1/behav/xsim'
INFO: [USF-XSim-98] *** Running xsim
   with args "tb_hex_7seg_behav -key {Behavioral:sim_1:Functional:tb_hex_7seg} -tclbatch {tb_hex_7seg.tcl} -log {simulate.log}"
INFO: [USF-XSim-8] Loading simulator feature
Vivado Simulator 2020.2
Time resolution is 1 ps
source tb_hex_7seg.tcl
# set curr_wave [current_wave_config]
# if { [string length $curr_wave] == 0 } {
#   if { [llength [get_objects]] > 0} {
#     add_wave /
#     set_property needs_save false [current_wave_config]
#   } else {
#      send_msg_id Add_Wave-1 WARNING "No top level signals found. Simulator will start without a wave window. If you want to open a wave window go to 'File->New Waveform Configuration' or type 'create_wave_config' in the TCL console."
#   }
# }
# run 1000ns
Note: Stimulus process started
Time: 0 ps  Iteration: 0  Process: /tb_hex_7seg/p_stimulus  File: C:/Users/egeme/Digital-electronics-1/Labs/04-segment/display/display.srcs/sim_1/new/tb_hex_7seg.vhd
Error: Test failed for input: 1001 which is 9
Time: 100 ns  Iteration: 0  Process: /tb_hex_7seg/p_stimulus  File: C:/Users/egeme/Digital-electronics-1/Labs/04-segment/display/display.srcs/sim_1/new/tb_hex_7seg.vhd
Note: Stimulus process finished
Time: 160 ns  Iteration: 0  Process: /tb_hex_7seg/p_stimulus  File: C:/Users/egeme/Digital-electronics-1/Labs/04-segment/display/display.srcs/sim_1/new/tb_hex_7seg.vhd
INFO: [USF-XSim-96] XSim completed. Design snapshot 'tb_hex_7seg_behav' loaded.
INFO: [USF-XSim-97] XSim simulation ran for 1000ns
launch_simulation: Time (s): cpu = 00:00:05 ; elapsed = 00:00:15 . Memory (MB): peak = 923.906 ; gain = 0.000
close_sim
INFO: [Simtcl 6-16] Simulation closed
launch_simulation
Command: launch_simulation 
INFO: [Vivado 12-5682] Launching behavioral simulation in 'C:/Users/egeme/Digital-electronics-1/Labs/04-segment/display/display.sim/sim_1/behav/xsim'
INFO: [SIM-utils-51] Simulation object is 'sim_1'
INFO: [SIM-utils-54] Inspecting design source files for 'tb_hex_7seg' in fileset 'sim_1'...
INFO: [USF-XSim-97] Finding global include files...
INFO: [USF-XSim-98] Fetching design files from 'sim_1'...
INFO: [USF-XSim-2] XSim::Compile design
INFO: [USF-XSim-61] Executing 'COMPILE and ANALYZE' step in 'C:/Users/egeme/Digital-electronics-1/Labs/04-segment/display/display.sim/sim_1/behav/xsim'
"xvhdl --incr --relax -prj tb_hex_7seg_vhdl.prj"
INFO: [USF-XSim-69] 'compile' step finished in '2' seconds
INFO: [USF-XSim-3] XSim::Elaborate design
INFO: [USF-XSim-61] Executing 'ELABORATE' step in 'C:/Users/egeme/Digital-electronics-1/Labs/04-segment/display/display.sim/sim_1/behav/xsim'
"xelab -wto 4af21a07f57d468086a43a2a528bbb39 --incr --debug typical --relax --mt 2 -L xil_defaultlib -L secureip --snapshot tb_hex_7seg_behav xil_defaultlib.tb_hex_7seg -log elaborate.log"
Vivado Simulator 2020.2
Copyright 1986-1999, 2001-2020 Xilinx, Inc. All Rights Reserved.
Running: D:/Xilinx/Vivado/2020.2/bin/unwrapped/win64.o/xelab.exe -wto 4af21a07f57d468086a43a2a528bbb39 --incr --debug typical --relax --mt 2 -L xil_defaultlib -L secureip --snapshot tb_hex_7seg_behav xil_defaultlib.tb_hex_7seg -log elaborate.log 
Using 2 slave threads.
Starting static elaboration
Completed static elaboration
INFO: [XSIM 43-4323] No Change in HDL. Linking previously generated obj files to create kernel
INFO: [USF-XSim-69] 'elaborate' step finished in '2' seconds
INFO: [USF-XSim-4] XSim::Simulate design
INFO: [USF-XSim-61] Executing 'SIMULATE' step in 'C:/Users/egeme/Digital-electronics-1/Labs/04-segment/display/display.sim/sim_1/behav/xsim'
INFO: [USF-XSim-98] *** Running xsim
   with args "tb_hex_7seg_behav -key {Behavioral:sim_1:Functional:tb_hex_7seg} -tclbatch {tb_hex_7seg.tcl} -log {simulate.log}"
INFO: [USF-XSim-8] Loading simulator feature
Vivado Simulator 2020.2
Time resolution is 1 ps
source tb_hex_7seg.tcl
# set curr_wave [current_wave_config]
# if { [string length $curr_wave] == 0 } {
#   if { [llength [get_objects]] > 0} {
#     add_wave /
#     set_property needs_save false [current_wave_config]
#   } else {
#      send_msg_id Add_Wave-1 WARNING "No top level signals found. Simulator will start without a wave window. If you want to open a wave window go to 'File->New Waveform Configuration' or type 'create_wave_config' in the TCL console."
#   }
# }
# run 1000ns
Note: Stimulus process started
Time: 0 ps  Iteration: 0  Process: /tb_hex_7seg/p_stimulus  File: C:/Users/egeme/Digital-electronics-1/Labs/04-segment/display/display.srcs/sim_1/new/tb_hex_7seg.vhd
Error: Test failed for input: 1001 which is 9
Time: 100 ns  Iteration: 0  Process: /tb_hex_7seg/p_stimulus  File: C:/Users/egeme/Digital-electronics-1/Labs/04-segment/display/display.srcs/sim_1/new/tb_hex_7seg.vhd
Note: Stimulus process finished
Time: 160 ns  Iteration: 0  Process: /tb_hex_7seg/p_stimulus  File: C:/Users/egeme/Digital-electronics-1/Labs/04-segment/display/display.srcs/sim_1/new/tb_hex_7seg.vhd
INFO: [USF-XSim-96] XSim completed. Design snapshot 'tb_hex_7seg_behav' loaded.
INFO: [USF-XSim-97] XSim simulation ran for 1000ns
launch_simulation: Time (s): cpu = 00:00:04 ; elapsed = 00:00:06 . Memory (MB): peak = 1048.027 ; gain = 0.000
close_sim
INFO: [Simtcl 6-16] Simulation closed
launch_simulation
Command: launch_simulation 
INFO: [Vivado 12-5682] Launching behavioral simulation in 'C:/Users/egeme/Digital-electronics-1/Labs/04-segment/display/display.sim/sim_1/behav/xsim'
INFO: [SIM-utils-51] Simulation object is 'sim_1'
INFO: [SIM-utils-54] Inspecting design source files for 'tb_hex_7seg' in fileset 'sim_1'...
INFO: [USF-XSim-97] Finding global include files...
INFO: [USF-XSim-98] Fetching design files from 'sim_1'...
INFO: [USF-XSim-2] XSim::Compile design
INFO: [USF-XSim-61] Executing 'COMPILE and ANALYZE' step in 'C:/Users/egeme/Digital-electronics-1/Labs/04-segment/display/display.sim/sim_1/behav/xsim'
"xvhdl --incr --relax -prj tb_hex_7seg_vhdl.prj"
INFO: [USF-XSim-69] 'compile' step finished in '1' seconds
INFO: [USF-XSim-3] XSim::Elaborate design
INFO: [USF-XSim-61] Executing 'ELABORATE' step in 'C:/Users/egeme/Digital-electronics-1/Labs/04-segment/display/display.sim/sim_1/behav/xsim'
"xelab -wto 4af21a07f57d468086a43a2a528bbb39 --incr --debug typical --relax --mt 2 -L xil_defaultlib -L secureip --snapshot tb_hex_7seg_behav xil_defaultlib.tb_hex_7seg -log elaborate.log"
Vivado Simulator 2020.2
Copyright 1986-1999, 2001-2020 Xilinx, Inc. All Rights Reserved.
Running: D:/Xilinx/Vivado/2020.2/bin/unwrapped/win64.o/xelab.exe -wto 4af21a07f57d468086a43a2a528bbb39 --incr --debug typical --relax --mt 2 -L xil_defaultlib -L secureip --snapshot tb_hex_7seg_behav xil_defaultlib.tb_hex_7seg -log elaborate.log 
Using 2 slave threads.
Starting static elaboration
Completed static elaboration
INFO: [XSIM 43-4323] No Change in HDL. Linking previously generated obj files to create kernel
INFO: [USF-XSim-69] 'elaborate' step finished in '2' seconds
INFO: [USF-XSim-4] XSim::Simulate design
INFO: [USF-XSim-61] Executing 'SIMULATE' step in 'C:/Users/egeme/Digital-electronics-1/Labs/04-segment/display/display.sim/sim_1/behav/xsim'
INFO: [USF-XSim-98] *** Running xsim
   with args "tb_hex_7seg_behav -key {Behavioral:sim_1:Functional:tb_hex_7seg} -tclbatch {tb_hex_7seg.tcl} -log {simulate.log}"
INFO: [USF-XSim-8] Loading simulator feature
Vivado Simulator 2020.2
Time resolution is 1 ps
source tb_hex_7seg.tcl
# set curr_wave [current_wave_config]
# if { [string length $curr_wave] == 0 } {
#   if { [llength [get_objects]] > 0} {
#     add_wave /
#     set_property needs_save false [current_wave_config]
#   } else {
#      send_msg_id Add_Wave-1 WARNING "No top level signals found. Simulator will start without a wave window. If you want to open a wave window go to 'File->New Waveform Configuration' or type 'create_wave_config' in the TCL console."
#   }
# }
# run 1000ns
Note: Stimulus process started
Time: 0 ps  Iteration: 0  Process: /tb_hex_7seg/p_stimulus  File: C:/Users/egeme/Digital-electronics-1/Labs/04-segment/display/display.srcs/sim_1/new/tb_hex_7seg.vhd
Error: Test failed for input: 1001 which is 9
Time: 100 ns  Iteration: 0  Process: /tb_hex_7seg/p_stimulus  File: C:/Users/egeme/Digital-electronics-1/Labs/04-segment/display/display.srcs/sim_1/new/tb_hex_7seg.vhd
Note: Stimulus process finished
Time: 160 ns  Iteration: 0  Process: /tb_hex_7seg/p_stimulus  File: C:/Users/egeme/Digital-electronics-1/Labs/04-segment/display/display.srcs/sim_1/new/tb_hex_7seg.vhd
INFO: [USF-XSim-96] XSim completed. Design snapshot 'tb_hex_7seg_behav' loaded.
INFO: [USF-XSim-97] XSim simulation ran for 1000ns
launch_simulation: Time (s): cpu = 00:00:04 ; elapsed = 00:00:06 . Memory (MB): peak = 1079.438 ; gain = 0.000
export_ip_user_files -of_objects  [get_files C:/Users/egeme/Digital-electronics-1/Labs/04-segment/display/display.srcs/sources_1/new/top.vhd] -no_script -reset -force -quiet
remove_files  C:/Users/egeme/Digital-electronics-1/Labs/04-segment/display/display.srcs/sources_1/new/top.vhd
close_sim
INFO: [Simtcl 6-16] Simulation closed
launch_simulation
Command: launch_simulation 
INFO: [Vivado 12-5682] Launching behavioral simulation in 'C:/Users/egeme/Digital-electronics-1/Labs/04-segment/display/display.sim/sim_1/behav/xsim'
INFO: [SIM-utils-51] Simulation object is 'sim_1'
INFO: [SIM-utils-54] Inspecting design source files for 'tb_hex_7seg' in fileset 'sim_1'...
INFO: [USF-XSim-97] Finding global include files...
INFO: [USF-XSim-98] Fetching design files from 'sim_1'...
INFO: [USF-XSim-2] XSim::Compile design
INFO: [USF-XSim-61] Executing 'COMPILE and ANALYZE' step in 'C:/Users/egeme/Digital-electronics-1/Labs/04-segment/display/display.sim/sim_1/behav/xsim'
"xvhdl --incr --relax -prj tb_hex_7seg_vhdl.prj"
INFO: [USF-XSim-69] 'compile' step finished in '2' seconds
INFO: [USF-XSim-3] XSim::Elaborate design
INFO: [USF-XSim-61] Executing 'ELABORATE' step in 'C:/Users/egeme/Digital-electronics-1/Labs/04-segment/display/display.sim/sim_1/behav/xsim'
"xelab -wto 4af21a07f57d468086a43a2a528bbb39 --incr --debug typical --relax --mt 2 -L xil_defaultlib -L secureip --snapshot tb_hex_7seg_behav xil_defaultlib.tb_hex_7seg -log elaborate.log"
Vivado Simulator 2020.2
Copyright 1986-1999, 2001-2020 Xilinx, Inc. All Rights Reserved.
Running: D:/Xilinx/Vivado/2020.2/bin/unwrapped/win64.o/xelab.exe -wto 4af21a07f57d468086a43a2a528bbb39 --incr --debug typical --relax --mt 2 -L xil_defaultlib -L secureip --snapshot tb_hex_7seg_behav xil_defaultlib.tb_hex_7seg -log elaborate.log 
Using 2 slave threads.
Starting static elaboration
Completed static elaboration
INFO: [XSIM 43-4323] No Change in HDL. Linking previously generated obj files to create kernel
INFO: [USF-XSim-69] 'elaborate' step finished in '3' seconds
INFO: [USF-XSim-4] XSim::Simulate design
INFO: [USF-XSim-61] Executing 'SIMULATE' step in 'C:/Users/egeme/Digital-electronics-1/Labs/04-segment/display/display.sim/sim_1/behav/xsim'
INFO: [USF-XSim-98] *** Running xsim
   with args "tb_hex_7seg_behav -key {Behavioral:sim_1:Functional:tb_hex_7seg} -tclbatch {tb_hex_7seg.tcl} -log {simulate.log}"
INFO: [USF-XSim-8] Loading simulator feature
Vivado Simulator 2020.2
Time resolution is 1 ps
source tb_hex_7seg.tcl
# set curr_wave [current_wave_config]
# if { [string length $curr_wave] == 0 } {
#   if { [llength [get_objects]] > 0} {
#     add_wave /
#     set_property needs_save false [current_wave_config]
#   } else {
#      send_msg_id Add_Wave-1 WARNING "No top level signals found. Simulator will start without a wave window. If you want to open a wave window go to 'File->New Waveform Configuration' or type 'create_wave_config' in the TCL console."
#   }
# }
# run 1000ns
Note: Stimulus process started
Time: 0 ps  Iteration: 0  Process: /tb_hex_7seg/p_stimulus  File: C:/Users/egeme/Digital-electronics-1/Labs/04-segment/display/display.srcs/sim_1/new/tb_hex_7seg.vhd
Error: Test failed for input: 1001 which is 9
Time: 100 ns  Iteration: 0  Process: /tb_hex_7seg/p_stimulus  File: C:/Users/egeme/Digital-electronics-1/Labs/04-segment/display/display.srcs/sim_1/new/tb_hex_7seg.vhd
Note: Stimulus process finished
Time: 160 ns  Iteration: 0  Process: /tb_hex_7seg/p_stimulus  File: C:/Users/egeme/Digital-electronics-1/Labs/04-segment/display/display.srcs/sim_1/new/tb_hex_7seg.vhd
INFO: [USF-XSim-96] XSim completed. Design snapshot 'tb_hex_7seg_behav' loaded.
INFO: [USF-XSim-97] XSim simulation ran for 1000ns
launch_simulation: Time (s): cpu = 00:00:04 ; elapsed = 00:00:08 . Memory (MB): peak = 1083.348 ; gain = 0.000
close_sim
INFO: [Simtcl 6-16] Simulation closed
launch_simulation
Command: launch_simulation 
INFO: [Vivado 12-5682] Launching behavioral simulation in 'C:/Users/egeme/Digital-electronics-1/Labs/04-segment/display/display.sim/sim_1/behav/xsim'
INFO: [SIM-utils-51] Simulation object is 'sim_1'
INFO: [SIM-utils-54] Inspecting design source files for 'tb_hex_7seg' in fileset 'sim_1'...
INFO: [USF-XSim-97] Finding global include files...
INFO: [USF-XSim-98] Fetching design files from 'sim_1'...
INFO: [USF-XSim-2] XSim::Compile design
INFO: [USF-XSim-61] Executing 'COMPILE and ANALYZE' step in 'C:/Users/egeme/Digital-electronics-1/Labs/04-segment/display/display.sim/sim_1/behav/xsim'
"xvhdl --incr --relax -prj tb_hex_7seg_vhdl.prj"
INFO: [VRFC 10-163] Analyzing VHDL file "C:/Users/egeme/Digital-electronics-1/Labs/04-segment/display/display.srcs/sources_1/new/hex_7seg.vhd" into library xil_defaultlib
INFO: [VRFC 10-3107] analyzing entity 'hex_7seg'
INFO: [VRFC 10-163] Analyzing VHDL file "C:/Users/egeme/Digital-electronics-1/Labs/04-segment/display/display.srcs/sim_1/new/tb_hex_7seg.vhd" into library xil_defaultlib
INFO: [VRFC 10-3107] analyzing entity 'tb_hex_7seg'
INFO: [USF-XSim-69] 'compile' step finished in '2' seconds
INFO: [USF-XSim-3] XSim::Elaborate design
INFO: [USF-XSim-61] Executing 'ELABORATE' step in 'C:/Users/egeme/Digital-electronics-1/Labs/04-segment/display/display.sim/sim_1/behav/xsim'
"xelab -wto 4af21a07f57d468086a43a2a528bbb39 --incr --debug typical --relax --mt 2 -L xil_defaultlib -L secureip --snapshot tb_hex_7seg_behav xil_defaultlib.tb_hex_7seg -log elaborate.log"
Vivado Simulator 2020.2
Copyright 1986-1999, 2001-2020 Xilinx, Inc. All Rights Reserved.
Running: D:/Xilinx/Vivado/2020.2/bin/unwrapped/win64.o/xelab.exe -wto 4af21a07f57d468086a43a2a528bbb39 --incr --debug typical --relax --mt 2 -L xil_defaultlib -L secureip --snapshot tb_hex_7seg_behav xil_defaultlib.tb_hex_7seg -log elaborate.log 
Using 2 slave threads.
Starting static elaboration
Completed static elaboration
Starting simulation data flow analysis
Completed simulation data flow analysis
Time Resolution for simulation is 1ps
Compiling package std.standard
Compiling package std.textio
Compiling package ieee.std_logic_1164
Compiling architecture behavioral of entity xil_defaultlib.hex_7seg [hex_7seg_default]
Compiling architecture behavioral of entity xil_defaultlib.tb_hex_7seg
Built simulation snapshot tb_hex_7seg_behav
INFO: [USF-XSim-69] 'elaborate' step finished in '5' seconds
INFO: [USF-XSim-4] XSim::Simulate design
INFO: [USF-XSim-61] Executing 'SIMULATE' step in 'C:/Users/egeme/Digital-electronics-1/Labs/04-segment/display/display.sim/sim_1/behav/xsim'
INFO: [USF-XSim-98] *** Running xsim
   with args "tb_hex_7seg_behav -key {Behavioral:sim_1:Functional:tb_hex_7seg} -tclbatch {tb_hex_7seg.tcl} -log {simulate.log}"
INFO: [USF-XSim-8] Loading simulator feature
Vivado Simulator 2020.2
Time resolution is 1 ps
source tb_hex_7seg.tcl
# set curr_wave [current_wave_config]
# if { [string length $curr_wave] == 0 } {
#   if { [llength [get_objects]] > 0} {
#     add_wave /
#     set_property needs_save false [current_wave_config]
#   } else {
#      send_msg_id Add_Wave-1 WARNING "No top level signals found. Simulator will start without a wave window. If you want to open a wave window go to 'File->New Waveform Configuration' or type 'create_wave_config' in the TCL console."
#   }
# }
# run 1000ns
Note: Stimulus process started
Time: 0 ps  Iteration: 0  Process: /tb_hex_7seg/p_stimulus  File: C:/Users/egeme/Digital-electronics-1/Labs/04-segment/display/display.srcs/sim_1/new/tb_hex_7seg.vhd
Error: Test failed for input: 1001 which is 9
Time: 100 ns  Iteration: 0  Process: /tb_hex_7seg/p_stimulus  File: C:/Users/egeme/Digital-electronics-1/Labs/04-segment/display/display.srcs/sim_1/new/tb_hex_7seg.vhd
Note: Stimulus process finished
Time: 160 ns  Iteration: 0  Process: /tb_hex_7seg/p_stimulus  File: C:/Users/egeme/Digital-electronics-1/Labs/04-segment/display/display.srcs/sim_1/new/tb_hex_7seg.vhd
INFO: [USF-XSim-96] XSim completed. Design snapshot 'tb_hex_7seg_behav' loaded.
INFO: [USF-XSim-97] XSim simulation ran for 1000ns
launch_simulation: Time (s): cpu = 00:00:04 ; elapsed = 00:00:09 . Memory (MB): peak = 1083.348 ; gain = 0.000
close_sim
INFO: [Simtcl 6-16] Simulation closed
launch_simulation
Command: launch_simulation 
INFO: [Vivado 12-5682] Launching behavioral simulation in 'C:/Users/egeme/Digital-electronics-1/Labs/04-segment/display/display.sim/sim_1/behav/xsim'
INFO: [SIM-utils-51] Simulation object is 'sim_1'
INFO: [SIM-utils-54] Inspecting design source files for 'tb_hex_7seg' in fileset 'sim_1'...
INFO: [USF-XSim-97] Finding global include files...
INFO: [USF-XSim-98] Fetching design files from 'sim_1'...
INFO: [USF-XSim-2] XSim::Compile design
INFO: [USF-XSim-61] Executing 'COMPILE and ANALYZE' step in 'C:/Users/egeme/Digital-electronics-1/Labs/04-segment/display/display.sim/sim_1/behav/xsim'
"xvhdl --incr --relax -prj tb_hex_7seg_vhdl.prj"
INFO: [VRFC 10-163] Analyzing VHDL file "C:/Users/egeme/Digital-electronics-1/Labs/04-segment/display/display.srcs/sources_1/new/hex_7seg.vhd" into library xil_defaultlib
INFO: [VRFC 10-3107] analyzing entity 'hex_7seg'
INFO: [VRFC 10-163] Analyzing VHDL file "C:/Users/egeme/Digital-electronics-1/Labs/04-segment/display/display.srcs/sim_1/new/tb_hex_7seg.vhd" into library xil_defaultlib
INFO: [VRFC 10-3107] analyzing entity 'tb_hex_7seg'
INFO: [USF-XSim-69] 'compile' step finished in '2' seconds
INFO: [USF-XSim-3] XSim::Elaborate design
INFO: [USF-XSim-61] Executing 'ELABORATE' step in 'C:/Users/egeme/Digital-electronics-1/Labs/04-segment/display/display.sim/sim_1/behav/xsim'
"xelab -wto 4af21a07f57d468086a43a2a528bbb39 --incr --debug typical --relax --mt 2 -L xil_defaultlib -L secureip --snapshot tb_hex_7seg_behav xil_defaultlib.tb_hex_7seg -log elaborate.log"
Vivado Simulator 2020.2
Copyright 1986-1999, 2001-2020 Xilinx, Inc. All Rights Reserved.
Running: D:/Xilinx/Vivado/2020.2/bin/unwrapped/win64.o/xelab.exe -wto 4af21a07f57d468086a43a2a528bbb39 --incr --debug typical --relax --mt 2 -L xil_defaultlib -L secureip --snapshot tb_hex_7seg_behav xil_defaultlib.tb_hex_7seg -log elaborate.log 
Using 2 slave threads.
Starting static elaboration
Completed static elaboration
Starting simulation data flow analysis
Completed simulation data flow analysis
Time Resolution for simulation is 1ps
Compiling package std.standard
Compiling package std.textio
Compiling package ieee.std_logic_1164
Compiling architecture behavioral of entity xil_defaultlib.hex_7seg [hex_7seg_default]
Compiling architecture behavioral of entity xil_defaultlib.tb_hex_7seg
Built simulation snapshot tb_hex_7seg_behav
INFO: [USF-XSim-69] 'elaborate' step finished in '2' seconds
INFO: [USF-XSim-4] XSim::Simulate design
INFO: [USF-XSim-61] Executing 'SIMULATE' step in 'C:/Users/egeme/Digital-electronics-1/Labs/04-segment/display/display.sim/sim_1/behav/xsim'
INFO: [USF-XSim-98] *** Running xsim
   with args "tb_hex_7seg_behav -key {Behavioral:sim_1:Functional:tb_hex_7seg} -tclbatch {tb_hex_7seg.tcl} -log {simulate.log}"
INFO: [USF-XSim-8] Loading simulator feature
Vivado Simulator 2020.2
Time resolution is 1 ps
source tb_hex_7seg.tcl
# set curr_wave [current_wave_config]
# if { [string length $curr_wave] == 0 } {
#   if { [llength [get_objects]] > 0} {
#     add_wave /
#     set_property needs_save false [current_wave_config]
#   } else {
#      send_msg_id Add_Wave-1 WARNING "No top level signals found. Simulator will start without a wave window. If you want to open a wave window go to 'File->New Waveform Configuration' or type 'create_wave_config' in the TCL console."
#   }
# }
# run 1000ns
Note: Stimulus process started
Time: 0 ps  Iteration: 0  Process: /tb_hex_7seg/p_stimulus  File: C:/Users/egeme/Digital-electronics-1/Labs/04-segment/display/display.srcs/sim_1/new/tb_hex_7seg.vhd
Note: Stimulus process finished
Time: 160 ns  Iteration: 0  Process: /tb_hex_7seg/p_stimulus  File: C:/Users/egeme/Digital-electronics-1/Labs/04-segment/display/display.srcs/sim_1/new/tb_hex_7seg.vhd
INFO: [USF-XSim-96] XSim completed. Design snapshot 'tb_hex_7seg_behav' loaded.
INFO: [USF-XSim-97] XSim simulation ran for 1000ns
launch_simulation: Time (s): cpu = 00:00:03 ; elapsed = 00:00:06 . Memory (MB): peak = 1091.426 ; gain = 0.000
set_property SOURCE_SET sources_1 [get_filesets sim_1]
close [ open C:/Users/egeme/Digital-electronics-1/Labs/04-segment/display/display.srcs/sim_1/new/top.vhd w ]
add_files -fileset sim_1 C:/Users/egeme/Digital-electronics-1/Labs/04-segment/display/display.srcs/sim_1/new/top.vhd
update_compile_order -fileset sim_1
export_ip_user_files -of_objects  [get_files C:/Users/egeme/Digital-electronics-1/Labs/04-segment/display/display.srcs/sim_1/new/top.vhd] -no_script -reset -force -quiet
remove_files  -fileset sim_1 C:/Users/egeme/Digital-electronics-1/Labs/04-segment/display/display.srcs/sim_1/new/top.vhd
close [ open C:/Users/egeme/Digital-electronics-1/Labs/04-segment/display/display.srcs/sources_1/new/topp.vhd w ]
add_files C:/Users/egeme/Digital-electronics-1/Labs/04-segment/display/display.srcs/sources_1/new/topp.vhd
update_compile_order -fileset sources_1
export_ip_user_files -of_objects  [get_files C:/Users/egeme/Digital-electronics-1/Labs/04-segment/display/display.srcs/sources_1/new/topp.vhd] -no_script -reset -force -quiet
remove_files  C:/Users/egeme/Digital-electronics-1/Labs/04-segment/display/display.srcs/sources_1/new/topp.vhd
close_sim
INFO: [Simtcl 6-16] Simulation closed
exit
INFO: [Common 17-206] Exiting Vivado at Tue Mar  9 17:37:11 2021...
