#-----------------------------------------------------------
# Vivado v2020.2 (64-bit)
# SW Build 3064766 on Wed Nov 18 09:12:45 MST 2020
# IP Build 3064653 on Wed Nov 18 14:17:31 MST 2020
# Start of session at: Tue May  4 11:55:15 2021
# Process ID: 8972
# Current directory: C:/Users/Lydia/OneDrive/Escritorio/Top_Design_Ultrasonic_Sensor_Project
# Command line: vivado.exe -gui_launcher_event rodinguilauncherevent13664 C:\Users\Lydia\OneDrive\Escritorio\Top_Design_Ultrasonic_Sensor_Project\Top_Design_Ultrasonic_Sensor_Project.xpr
# Log file: C:/Users/Lydia/OneDrive/Escritorio/Top_Design_Ultrasonic_Sensor_Project/vivado.log
# Journal file: C:/Users/Lydia/OneDrive/Escritorio/Top_Design_Ultrasonic_Sensor_Project\vivado.jou
#-----------------------------------------------------------
start_gui
open_project C:/Users/Lydia/OneDrive/Escritorio/Top_Design_Ultrasonic_Sensor_Project/Top_Design_Ultrasonic_Sensor_Project.xpr
WARNING: [filemgmt 56-3] Default IP Output Path : Could not find the directory 'C:/Users/Lydia/OneDrive/Escritorio/Top_Design_Ultrasonic_Sensor_Project/Top_Design_Ultrasonic_Sensor_Project.gen/sources_1'.
Scanning sources...
Finished scanning sources
INFO: [IP_Flow 19-234] Refreshing IP repositories
INFO: [IP_Flow 19-1704] No user IP repositories specified
INFO: [IP_Flow 19-2313] Loaded Vivado IP repository 'C:/Xilinx/Vivado/2020.2/data/ip'.
open_project: Time (s): cpu = 00:00:20 ; elapsed = 00:00:08 . Memory (MB): peak = 1002.613 ; gain = 0.000
update_compile_order -fileset sources_1
launch_simulation
Command: launch_simulation 
INFO: [Vivado 12-5682] Launching behavioral simulation in 'C:/Users/Lydia/OneDrive/Escritorio/Top_Design_Ultrasonic_Sensor_Project/Top_Design_Ultrasonic_Sensor_Project.sim/sim_1/behav/xsim'
INFO: [SIM-utils-51] Simulation object is 'sim_1'
INFO: [SIM-utils-54] Inspecting design source files for 'top_design' in fileset 'sim_1'...
INFO: [USF-XSim-97] Finding global include files...
INFO: [USF-XSim-98] Fetching design files from 'sim_1'...
INFO: [USF-XSim-2] XSim::Compile design
INFO: [USF-XSim-6launch_simulation
Command: launch_simulation 
INFO: [Vivado 12-5682] Launching behavioral simulation in 'C:/Users/Lydia/OneDrive/Escritorio/ultraSonic/ultraSonic/ultraSonic.sim/sim_1/behav/xsim'
INFO: [SIM-utils-51] Simulation object is 'sim_1'
INFO: [SIM-utils-54] Inspecting design source files for 'tb_ultraSonic' in fileset 'sim_1'...
INFO: [USF-XSim-97] Finding global include files...
INFO: [USF-XSim-98] Fetching design files from 'sim_1'...
INFO: [USF-XSim-2] XSim::Compile design
INFO: [USF-XSim-61] Executing 'COMPILE and ANALYZE' step in 'C:/Users/Lydia/OneDrive/Escritorio/ultraSonic/ultraSonic/ultraSonic.sim/sim_1/behav/xsim'
"xvhdl --incr --relax -prj tb_ultraSonic_vhdl.prj"
INFO: [USF-XSim-69] 'compile' step finished in '1' seconds
INFO: [USF-XSim-3] XSim::Elaborate design
INFO: [USF-XSim-61] Executing 'ELABORATE' step in 'C:/Users/Lydia/OneDrive/Escritorio/ultraSonic/ultraSonic/ultraSonic.sim/sim_1/behav/xsim'
"xelab -wto 6f1f17cb076342cebb1f66b7fbd93501 --incr --debug typical --relax --mt 2 -L xil_defaultlib -L secureip --snapshot tb_ultraSonic_behav xil_defaultlib.tb_ultraSonic -log elaborate.log"
Vivado Simulator 2020.2
Copyright 1986-1999, 2001-2020 Xilinx, Inc. All Rights Reserved.
Running: C:/Xilinx/Vivado/2020.2/bin/unwrapped/win64.o/xelab.exe -wto 6f1f17cb076342cebb1f66b7fbd93501 --incr --debug typical --relax --mt 2 -L xil_defaultlib -L secureip --snapshot tb_ultraSonic_behav xil_defaultlib.tb_ultraSonic -log elaborate.log 
Using 2 slave threads.
Starting static elaboration
Completed static elaboration
INFO: [XSIM 43-4323] No Change in HDL. Linking previously generated obj files to create kernel
INFO: [USF-XSim-69] 'elaborate' step finished in '1' seconds
INFO: [USF-XSim-4] XSim::Simulate design
INFO: [USF-XSim-61] Executing 'SIMULATE' step in 'C:/Users/Lydia/OneDrive/Escritorio/ultraSonic/ultraSonic/ultraSonic.sim/sim_1/behav/xsim'
INFO: [USF-XSim-98] *** Running xsim
   with args "tb_ultraSonic_behav -key {Behavioral:sim_1:Functional:tb_ultraSonic} -tclbatch {tb_ultraSonic.tcl} -view {C:/Users/Lydia/OneDrive/Escritorio/ultraSonic/ultraSonic/tb_ultraSonic_behav1.wcfg} -log {simulate.log}"
INFO: [USF-XSim-8] Loading simulator feature
Vivado Simulator 2020.2
Time resolution is 1 ps
open_wave_config C:/Users/Lydia/OneDrive/Escritorio/ultraSonic/ultraSonic/tb_ultraSonic_behav1.wcfg
source tb_ultraSonic.tcl
# set curr_wave [current_wave_config]
# if { [string length $curr_wave] == 0 } {
#   if { [llength [get_objects]] > 0} {
#     add_wave /
#     set_property needs_save false [current_wave_config]
#   } else {
#      send_msg_id Add_Wave-1 WARNING "No top level signals found. Simulator will start without a wave window. If you want to open a wave window go to 'File->New Waveform Configuration' or type 'create_wave_config' in the TCL console."
#   }
# }
# run 1000us
Note: Stimulus process started
Time: 0 ps  Iteration: 0  Process: /tb_ultraSonic/p_stimulus  File: C:/Users/Lydia/OneDrive/Escritorio/ultraSonic/ultraSonic/ultraSonic.srcs/sim_1/new/tb_ultraSonic.vhd
INFO: [USF-XSim-96] XSim completed. Design snapshot 'tb_ultraSonic_behav' loaded.
INFO: [USF-XSim-97] XSim simulation ran for 1000us
launch_simulation: Time (s): cpu = 00:00:09 ; elapsed = 00:00:07 . Memory (MB): peak = 1002.613 ; gain = 0.000
WARNING: [filemgmt 56-199] Attempt to get parsing info during refresh. "On-the-fly" syntax checking information may be incorrect. [C:\Users\Lydia\OneDrive\Escritorio\ultraSonic\ultraSonic\ultraSonic.srcs\sim_1\new\tb_ultraSonic.vhd:]
WARNING: [filemgmt 56-199] Attempt to get parsing info during refresh. "On-the-fly" syntax checking information may be incorrect. [C:\Users\Lydia\OneDrive\Escritorio\ultraSonic\ultraSonic\ultraSonic.srcs\sources_1\new\ultraSonic.vhd:]
ERROR: [Common 17-180] Spawn failed: No error
tlib
INFO: [VRFC 10-3107] analyzing entity 'PWM_KY012'
INFO: [VRFC 10-163] Analyzing VHDL file "C:/Users/Lydia/OneDrive/Escritorio/Top_Design_Ultrasonic_Sensor_Project/Top_Design_Ultrasonic_Sensor_Project.srcs/sources_1/new/ultraSonic.vhd" into library xil_defaultlib
INFO: [VRFC 10-3107] analyzing entity 'ultraSonic'
INFO: [VRFC 10-163] Analyzing VHDL file "C:/Users/Lydia/OneDrive/Escritorio/Top_Design_Ultrasonic_Sensor_Project/Top_Design_Ultrasonic_Sensor_Project.srcs/sources_1/new/Top_design.vhd" into library xil_defaultlib
INFO: [VRFC 10-3107] analyzing entity 'top_design'
INFO: [USF-XSim-69] 'compile' step finished in '3' seconds
INFO: [USF-XSim-3] XSim::Elaborate design
INFO: [USF-XSim-61] Executing 'ELABORATE' step in 'C:/Users/Lydia/OneDrive/Escritorio/Top_Design_Ultrasonic_Sensor_Project/Top_Design_Ultrasonic_Sensor_Project.sim/sim_1/behav/xsim'
"xelab -wto bdb6469d961f46fd8a45a308679b7c2c --incr --debug typical --relax --mt 2 -L xil_defaultlib -L secureip --snapshot top_design_behav xil_defaultlib.top_design -log elaborate.log"
Vivado Simulator 2020.2
Copyright 1986-1999, 2001-2020 Xilinx, Inc. All Rights Reserved.
Running: C:/Xilinx/Vivado/2020.2/bin/unwrapped/win64.o/xelab.exe -wto bdb6469d961f46fd8a45a308679b7c2c --incr --debug typical --relax --mt 2 -L xil_defaultlib -L secureip --snapshot top_design_behav xil_defaultlib.top_design -log elaborate.log 
Using 2 slave threads.
Starting static elaboration
Completed static elaboration
Starting simulation data flow analysis
Completed simulation data flow analysis
Time Resolution for simulation is 1ps
Compiling package std.standard
Compiling package std.textio
Compiling package ieee.std_logic_1164
Compiling package ieee.numeric_std
Compiling package ieee.std_logic_arith
Compiling package ieee.std_logic_unsigned
Compiling architecture behavioral of entity xil_defaultlib.ultraSonic [ultrasonic_default]
Compiling architecture behavioral of entity xil_defaultlib.LED_decoder [led_decoder_default]
Compiling architecture behavioral of entity xil_defaultlib.clock_enable [\clock_enable(g_max=400000)\]
Compiling architecture behavioral of entity xil_defaultlib.cnt_up_down [cnt_up_down_default]
Compiling architecture behavioral of entity xil_defaultlib.PWM_1 [pwm_1_default]
Compiling architecture behavioral of entity xil_defaultlib.PWM_2 [pwm_2_default]
Compiling architecture behavioral of entity xil_defaultlib.PWM_3 [pwm_3_default]
Compiling architecture behavioral of entity xil_defaultlib.PWM_4 [pwm_4_default]
Compiling architecture behavioral of entity xil_defaultlib.PWM_5 [pwm_5_default]
Compiling architecture behavioral of entity xil_defaultlib.PWM_6 [pwm_6_default]
Compiling architecture behavioral of entity xil_defaultlib.PWM_7 [pwm_7_default]
Compiling architecture behavioral of entity xil_defaultlib.PWM_8 [pwm_8_default]
Compiling architecture behavioral of entity xil_defaultlib.PWM_9 [pwm_9_default]
Compiling architecture behavioral of entity xil_defaultlib.PWM_10 [pwm_10_default]
Compiling architecture behavioral of entity xil_defaultlib.PWM_KY012 [pwm_ky012_default]
Compiling architecture behavioral of entity xil_defaultlib.top_design
Built simulation snapshot top_design_behav

****** Webtalk v2020.2 (64-bit)
  **** SW Build 3064766 on Wed Nov 18 09:12:45 MST 2020
  **** IP Build 3064653 on Wed Nov 18 14:17:31 MST 2020
    ** Copyright 1986-2020 Xilinx, Inc. All Rights Reserved.

source C:/Users/Lydia/OneDrive/Escritorio/Top_Design_Ultrasonic_Sensor_Project/Top_Design_Ultrasonic_Sensor_Project.sim/sim_1/behav/xsim/xsim.dir/top_design_behav/webtalk/xsim_webtalk.tcl -notrace
INFO: [Common 17-186] 'C:/Users/Lydia/OneDrive/Escritorio/Top_Design_Ultrasonic_Sensor_Project/Top_Design_Ultrasonic_Sensor_Project.sim/sim_1/behav/xsim/xsim.dir/top_design_behav/webtalk/usage_statistics_ext_xsim.xml' has been successfully sent to Xilinx on Tue May  4 12:03:13 2021. For additional details about this file, please refer to the WebTalk help file at C:/Xilinx/Vivado/2020.2/doc/webtalk_introduction.html.
webtalk_transmit: Time (s): cpu = 00:00:00 ; elapsed = 00:00:07 . Memory (MB): peak = 116.352 ; gain = 23.805
INFO: [Common 17-206] Exiting Webtalk at Tue May  4 12:03:13 2021...
run_program: Time (s): cpu = 00:00:01 ; elapsed = 00:00:13 . Memory (MB): peak = 1005.988 ; gain = 0.000
INFO: [USF-XSim-69] 'elaborate' step finished in '13' seconds
INFO: [USF-XSim-4] XSim::Simulate design
INFO: [USF-XSim-61] Executing 'SIMULATE' step in 'C:/Users/Lydia/OneDrive/Escritorio/Top_Design_Ultrasonic_Sensor_Project/Top_Design_Ultrasonic_Sensor_Project.sim/sim_1/behav/xsim'
INFO: [USF-XSim-98] *** Running xsim
   with args "top_design_behav -key {Behavioral:sim_1:Functional:top_design} -tclbatch {top_design.tcl} -log {simulate.log}"
INFO: [USF-XSim-8] Loading simulator feature
Vivado Simulator 2020.2
Time resolution is 1 ps
source top_design.tcl
# set curr_wave [current_wave_config]
# if { [string length $curr_wave] == 0 } {
#   if { [llength [get_objects]] > 0} {
#     add_wave /
#     set_property needs_save false [current_wave_config]
#   } else {
#      send_msg_id Add_Wave-1 WARNING "No top level signals found. Simulator will start without a wave window. If you want to open a wave window go to 'File->New Waveform Configuration' or type 'create_wave_config' in the TCL console."
#   }
# }
# run 1000ns
INFO: [USF-XSim-96] XSim completed. Design snapshot 'top_design_behav' loaded.
INFO: [USF-XSim-97] XSim simulation ran for 1000ns
launch_simulation: Time (s): cpu = 00:00:12 ; elapsed = 00:00:21 . Memory (MB): peak = 1005.988 ; gain = 0.000
update_compile_order -fileset sim_1
close_sim
INFO: [Simtcl 6-16] Simulation closed
close_sim: Time (s): cpu = 00:00:05 ; elapsed = 00:00:13 . Memory (MB): peak = 1005.988 ; gain = 0.000
launch_simulation
Command: launch_simulation 
INFO: [Vivado 12-5682] Launching behavioral simulation in 'C:/Users/Lydia/OneDrive/Escritorio/Top_Design_Ultrasonic_Sensor_Project/Top_Design_Ultrasonic_Sensor_Project.sim/sim_1/behav/xsim'
INFO: [SIM-utils-51] Simulation object is 'sim_1'
INFO: [SIM-utils-54] Inspecting design source files for 'tb_top_design' in fileset 'sim_1'...
INFO: [USF-XSim-97] Finding global include files...
INFO: [USF-XSim-98] Fetching design files from 'sim_1'...
INFO: [USF-XSim-2] XSim::Compile design
INFO: [USF-XSim-61] Executing 'COMPILE and ANALYZE' step in 'C:/Users/Lydia/OneDrive/Escritorio/Top_Design_Ultrasonic_Sensor_Project/Top_Design_Ultrasonic_Sensor_Project.sim/sim_1/behav/xsim'
"xvhdl --incr --relax -prj tb_top_design_vhdl.prj"
INFO: [VRFC 10-163] Analyzing VHDL file "C:/Users/Lydia/OneDrive/Escritorio/Top_Design_Ultrasonic_Sensor_Project/Top_Design_Ultrasonic_Sensor_Project.srcs/sources_1/new/Top_design.vhd" into library xil_defaultlib
INFO: [VRFC 10-3107] analyzing entity 'top_design'
INFO: [VRFC 10-163] Analyzing VHDL file "C:/Users/Lydia/OneDrive/Escritorio/Top_Design_Ultrasonic_Sensor_Project/Top_Design_Ultrasonic_Sensor_Project.srcs/sim_1/new/tb_top_design.vhd" into library xil_defaultlib
INFO: [VRFC 10-3107] analyzing entity 'tb_top_design'
INFO: [USF-XSim-69] 'compile' step finished in '1' seconds
INFO: [USF-XSim-3] XSim::Elaborate design
INFO: [USF-XSim-61] Executing 'ELABORATE' step in 'C:/Users/Lydia/OneDrive/Escritorio/Top_Design_Ultrasonic_Sensor_Project/Top_Design_Ultrasonic_Sensor_Project.sim/sim_1/behav/xsim'
"xelab -wto bdb6469d961f46fd8a45a308679b7c2c --incr --debug typical --relax --mt 2 -L xil_defaultlib -L secureip --snapshot tb_top_design_behav xil_defaultlib.tb_top_design -log elaborate.log"
Vivado Simulator 2020.2
Copyright 1986-1999, 2001-2020 Xilinx, Inc. All Rights Reserved.
Running: C:/Xilinx/Vivado/2020.2/bin/unwrapped/win64.o/xelab.exe -wto bdb6469d961f46fd8a45a308679b7c2c --incr --debug typical --relax --mt 2 -L xil_defaultlib -L secureip --snapshot tb_top_design_behav xil_defaultlib.tb_top_design -log elaborate.log 
Using 2 slave threads.
Starting static elaboration
ERROR: [VRFC 10-3599] not all partial formals of 'btn' have actual [C:/Users/Lydia/OneDrive/Escritorio/Top_Design_Ultrasonic_Sensor_Project/Top_Design_Ultrasonic_Sensor_Project.srcs/sim_1/new/tb_top_design.vhd:30]
ERROR: [XSIM 43-3321] Static elaboration of top level VHDL design unit tb_top_design in library work failed.
INFO: [USF-XSim-69] 'elaborate' step finished in '2' seconds
INFO: [USF-XSim-99] Step results log file:'C:/Users/Lydia/OneDrive/Escritorio/Top_Design_Ultrasonic_Sensor_Project/Top_Design_Ultrasonic_Sensor_Project.sim/sim_1/behav/xsim/elaborate.log'
ERROR: [USF-XSim-62] 'elaborate' step failed with error(s). Please check the Tcl console output or 'C:/Users/Lydia/OneDrive/Escritorio/Top_Design_Ultrasonic_Sensor_Project/Top_Design_Ultrasonic_Sensor_Project.sim/sim_1/behav/xsim/elaborate.log' file for more information.
ERROR: [Vivado 12-4473] Detected error while running simulation. Please correct the issue and retry this operation.
ERROR: [Common 17-39] 'launch_simulation' failed due to earlier errors.
launch_simulation
Command: launch_simulation 
INFO: [Vivado 12-5682] Launching behavioral simulation in 'C:/Users/Lydia/OneDrive/Escritorio/Top_Design_Ultrasonic_Sensor_Project/Top_Design_Ultrasonic_Sensor_Project.sim/sim_1/behav/xsim'
INFO: [SIM-utils-51] Simulation object is 'sim_1'
INFO: [SIM-utils-54] Inspecting design source files for 'tb_top_design' in fileset 'sim_1'...
INFO: [USF-XSim-97] Finding global include files...
INFO: [USF-XSim-98] Fetching design files from 'sim_1'...
INFO: [USF-XSim-2] XSim::Compile design
INFO: [USF-XSim-61] Executing 'COMPILE and ANALYZE' step in 'C:/Users/Lydia/OneDrive/Escritorio/Top_Design_Ultrasonic_Sensor_Project/Top_Design_Ultrasonic_Sensor_Project.sim/sim_1/behav/xsim'
"xvhdl --incr --relax -prj tb_top_design_vhdl.prj"
INFO: [VRFC 10-163] Analyzing VHDL file "C:/Users/Lydia/OneDrive/Escritorio/Top_Design_Ultrasonic_Sensor_Project/Top_Design_Ultrasonic_Sensor_Project.srcs/sim_1/new/tb_top_design.vhd" into library xil_defaultlib
INFO: [VRFC 10-3107] analyzing entity 'tb_top_design'
ERROR: [VRFC 10-3628] partially associated formal 'btn' cannot have actual OPEN [C:/Users/Lydia/OneDrive/Escritorio/Top_Design_Ultrasonic_Sensor_Project/Top_Design_Ultrasonic_Sensor_Project.srcs/sim_1/new/tb_top_design.vhd:32]
ERROR: [VRFC 10-3782] unit 'behavioral' ignored due to previous errors [C:/Users/Lydia/OneDrive/Escritorio/Top_Design_Ultrasonic_Sensor_Project/Top_Design_Ultrasonic_Sensor_Project.srcs/sim_1/new/tb_top_design.vhd:9]
INFO: [VRFC 10-3070] VHDL file 'C:/Users/Lydia/OneDrive/Escritorio/Top_Design_Ultrasonic_Sensor_Project/Top_Design_Ultrasonic_Sensor_Project.srcs/sim_1/new/tb_top_design.vhd' ignored due to errors
INFO: [USF-XSim-69] 'compile' step finished in '2' seconds
INFO: [USF-XSim-99] Step results log file:'C:/Users/Lydia/OneDrive/Escritorio/Top_Design_Ultrasonic_Sensor_Project/Top_Design_Ultrasonic_Sensor_Project.sim/sim_1/behav/xsim/xvhdl.log'
ERROR: [USF-XSim-62] 'compile' step failed with error(s). Please check the Tcl console output or 'C:/Users/Lydia/OneDrive/Escritorio/Top_Design_Ultrasonic_Sensor_Project/Top_Design_Ultrasonic_Sensor_Project.sim/sim_1/behav/xsim/xvhdl.log' file for more information.
ERROR: [Vivado 12-4473] Detected error while running simulation. Please correct the issue and retry this operation.
ERROR: [Common 17-39] 'launch_simulation' failed due to earlier errors.
launch_simulation
Command: launch_simulation 
INFO: [Vivado 12-5682] Launching behavioral simulation in 'C:/Users/Lydia/OneDrive/Escritorio/Top_Design_Ultrasonic_Sensor_Project/Top_Design_Ultrasonic_Sensor_Project.sim/sim_1/behav/xsim'
INFO: [SIM-utils-51] Simulation object is 'sim_1'
INFO: [SIM-utils-54] Inspecting design source files for 'tb_top_design' in fileset 'sim_1'...
INFO: [USF-XSim-97] Finding global include files...
INFO: [USF-XSim-98] Fetching design files from 'sim_1'...
INFO: [USF-XSim-2] XSim::Compile design
INFO: [USF-XSim-61] Executing 'COMPILE and ANALYZE' step in 'C:/Users/Lydia/OneDrive/Escritorio/Top_Design_Ultrasonic_Sensor_Project/Top_Design_Ultrasonic_Sensor_Project.sim/sim_1/behav/xsim'
"xvhdl --incr --relax -prj tb_top_design_vhdl.prj"
INFO: [VRFC 10-163] Analyzing VHDL file "C:/Users/Lydia/OneDrive/Escritorio/Top_Design_Ultrasonic_Sensor_Project/Top_Design_Ultrasonic_Sensor_Project.srcs/sim_1/new/tb_top_design.vhd" into library xil_defaultlib
INFO: [VRFC 10-3107] analyzing entity 'tb_top_design'
ERROR: [VRFC 10-3628] partially associated formal 'btn' cannot have actual OPEN [C:/Users/Lydia/OneDrive/Escritorio/Top_Design_Ultrasonic_Sensor_Project/Top_Design_Ultrasonic_Sensor_Project.srcs/sim_1/new/tb_top_design.vhd:31]
ERROR: [VRFC 10-3782] unit 'behavioral' ignored due to previous errors [C:/Users/Lydia/OneDrive/Escritorio/Top_Design_Ultrasonic_Sensor_Project/Top_Design_Ultrasonic_Sensor_Project.srcs/sim_1/new/tb_top_design.vhd:9]
INFO: [VRFC 10-3070] VHDL file 'C:/Users/Lydia/OneDrive/Escritorio/Top_Design_Ultrasonic_Sensor_Project/Top_Design_Ultrasonic_Sensor_Project.srcs/sim_1/new/tb_top_design.vhd' ignored due to errors
INFO: [USF-XSim-69] 'compile' step finished in '1' seconds
INFO: [USF-XSim-99] Step results log file:'C:/Users/Lydia/OneDrive/Escritorio/Top_Design_Ultrasonic_Sensor_Project/Top_Design_Ultrasonic_Sensor_Project.sim/sim_1/behav/xsim/xvhdl.log'
ERROR: [USF-XSim-62] 'compile' step failed with error(s). Please check the Tcl console output or 'C:/Users/Lydia/OneDrive/Escritorio/Top_Design_Ultrasonic_Sensor_Project/Top_Design_Ultrasonic_Sensor_Project.sim/sim_1/behav/xsim/xvhdl.log' file for more information.
ERROR: [Vivado 12-4473] Detected error while running simulation. Please correct the issue and retry this operation.
ERROR: [Common 17-39] 'launch_simulation' failed due to earlier errors.
launch_simulation
Command: launch_simulation 
INFO: [Vivado 12-5682] Launching behavioral simulation in 'C:/Users/Lydia/OneDrive/Escritorio/Top_Design_Ultrasonic_Sensor_Project/Top_Design_Ultrasonic_Sensor_Project.sim/sim_1/behav/xsim'
INFO: [SIM-utils-51] Simulation object is 'sim_1'
INFO: [SIM-utils-54] Inspecting design source files for 'tb_top_design' in fileset 'sim_1'...
INFO: [USF-XSim-97] Finding global include files...
INFO: [USF-XSim-98] Fetching design files from 'sim_1'...
INFO: [USF-XSim-2] XSim::Compile design
INFO: [USF-XSim-61] Executing 'COMPILE and ANALYZE' step in 'C:/Users/Lydia/OneDrive/Escritorio/Top_Design_Ultrasonic_Sensor_Project/Top_Design_Ultrasonic_Sensor_Project.sim/sim_1/behav/xsim'
"xvhdl --incr --relax -prj tb_top_design_vhdl.prj"
INFO: [VRFC 10-163] Analyzing VHDL file "C:/Users/Lydia/OneDrive/Escritorio/Top_Design_Ultrasonic_Sensor_Project/Top_Design_Ultrasonic_Sensor_Project.srcs/sim_1/new/tb_top_design.vhd" into library xil_defaultlib
INFO: [VRFC 10-3107] analyzing entity 'tb_top_design'
ERROR: [VRFC 10-3628] partially associated formal 'btn' cannot have actual OPEN [C:/Users/Lydia/OneDrive/Escritorio/Top_Design_Ultrasonic_Sensor_Project/Top_Design_Ultrasonic_Sensor_Project.srcs/sim_1/new/tb_top_design.vhd:31]
ERROR: [VRFC 10-3782] unit 'behavioral' ignored due to previous errors [C:/Users/Lydia/OneDrive/Escritorio/Top_Design_Ultrasonic_Sensor_Project/Top_Design_Ultrasonic_Sensor_Project.srcs/sim_1/new/tb_top_design.vhd:9]
INFO: [VRFC 10-3070] VHDL file 'C:/Users/Lydia/OneDrive/Escritorio/Top_Design_Ultrasonic_Sensor_Project/Top_Design_Ultrasonic_Sensor_Project.srcs/sim_1/new/tb_top_design.vhd' ignored due to errors
INFO: [USF-XSim-69] 'compile' step finished in '1' seconds
INFO: [USF-XSim-99] Step results log file:'C:/Users/Lydia/OneDrive/Escritorio/Top_Design_Ultrasonic_Sensor_Project/Top_Design_Ultrasonic_Sensor_Project.sim/sim_1/behav/xsim/xvhdl.log'
ERROR: [USF-XSim-62] 'compile' step failed with error(s). Please check the Tcl console output or 'C:/Users/Lydia/OneDrive/Escritorio/Top_Design_Ultrasonic_Sensor_Project/Top_Design_Ultrasonic_Sensor_Project.sim/sim_1/behav/xsim/xvhdl.log' file for more information.
ERROR: [Vivado 12-4473] Detected error while running simulation. Please correct the issue and retry this operation.
ERROR: [Common 17-39] 'launch_simulation' failed due to earlier errors.
launch_simulation
Command: launch_simulation 
INFO: [Vivado 12-5682] Launching behavioral simulation in 'C:/Users/Lydia/OneDrive/Escritorio/Top_Design_Ultrasonic_Sensor_Project/Top_Design_Ultrasonic_Sensor_Project.sim/sim_1/behav/xsim'
INFO: [SIM-utils-51] Simulation object is 'sim_1'
INFO: [SIM-utils-54] Inspecting design source files for 'tb_top_design' in fileset 'sim_1'...
INFO: [USF-XSim-97] Finding global include files...
INFO: [USF-XSim-98] Fetching design files from 'sim_1'...
INFO: [USF-XSim-2] XSim::Compile design
INFO: [USF-XSim-61] Executing 'COMPILE and ANALYZE' step in 'C:/Users/Lydia/OneDrive/Escritorio/Top_Design_Ultrasonic_Sensor_Project/Top_Design_Ultrasonic_Sensor_Project.sim/sim_1/behav/xsim'
"xvhdl --incr --relax -prj tb_top_design_vhdl.prj"
INFO: [VRFC 10-163] Analyzing VHDL file "C:/Users/Lydia/OneDrive/Escritorio/Top_Design_Ultrasonic_Sensor_Project/Top_Design_Ultrasonic_Sensor_Project.srcs/sim_1/new/tb_top_design.vhd" into library xil_defaultlib
INFO: [VRFC 10-3107] analyzing entity 'tb_top_design'
ERROR: [VRFC 10-3628] partially associated formal 'btn' cannot have actual OPEN [C:/Users/Lydia/OneDrive/Escritorio/Top_Design_Ultrasonic_Sensor_Project/Top_Design_Ultrasonic_Sensor_Project.srcs/sim_1/new/tb_top_design.vhd:31]
ERROR: [VRFC 10-3782] unit 'behavioral' ignored due to previous errors [C:/Users/Lydia/OneDrive/Escritorio/Top_Design_Ultrasonic_Sensor_Project/Top_Design_Ultrasonic_Sensor_Project.srcs/sim_1/new/tb_top_design.vhd:9]
INFO: [VRFC 10-3070] VHDL file 'C:/Users/Lydia/OneDrive/Escritorio/Top_Design_Ultrasonic_Sensor_Project/Top_Design_Ultrasonic_Sensor_Project.srcs/sim_1/new/tb_top_design.vhd' ignored due to errors
INFO: [USF-XSim-69] 'compile' step finished in '2' seconds
INFO: [USF-XSim-99] Step results log file:'C:/Users/Lydia/OneDrive/Escritorio/Top_Design_Ultrasonic_Sensor_Project/Top_Design_Ultrasonic_Sensor_Project.sim/sim_1/behav/xsim/xvhdl.log'
ERROR: [USF-XSim-62] 'compile' step failed with error(s). Please check the Tcl console output or 'C:/Users/Lydia/OneDrive/Escritorio/Top_Design_Ultrasonic_Sensor_Project/Top_Design_Ultrasonic_Sensor_Project.sim/sim_1/behav/xsim/xvhdl.log' file for more information.
ERROR: [Vivado 12-4473] Detected error while running simulation. Please correct the issue and retry this operation.
ERROR: [Common 17-39] 'launch_simulation' failed due to earlier errors.
launch_simulation
Command: launch_simulation 
INFO: [Vivado 12-5682] Launching behavioral simulation in 'C:/Users/Lydia/OneDrive/Escritorio/Top_Design_Ultrasonic_Sensor_Project/Top_Design_Ultrasonic_Sensor_Project.sim/sim_1/behav/xsim'
INFO: [SIM-utils-51] Simulation object is 'sim_1'
INFO: [SIM-utils-54] Inspecting design source files for 'tb_top_design' in fileset 'sim_1'...
INFO: [USF-XSim-97] Finding global include files...
INFO: [USF-XSim-98] Fetching design files from 'sim_1'...
INFO: [USF-XSim-2] XSim::Compile design
INFO: [USF-XSim-61] Executing 'COMPILE and ANALYZE' step in 'C:/Users/Lydia/OneDrive/Escritorio/Top_Design_Ultrasonic_Sensor_Project/Top_Design_Ultrasonic_Sensor_Project.sim/sim_1/behav/xsim'
"xvhdl --incr --relax -prj tb_top_design_vhdl.prj"
INFO: [VRFC 10-163] Analyzing VHDL file "C:/Users/Lydia/OneDrive/Escritorio/Top_Design_Ultrasonic_Sensor_Project/Top_Design_Ultrasonic_Sensor_Project.srcs/sim_1/new/tb_top_design.vhd" into library xil_defaultlib
INFO: [VRFC 10-3107] analyzing entity 'tb_top_design'
INFO: [USF-XSim-69] 'compile' step finished in '2' seconds
INFO: [USF-XSim-3] XSim::Elaborate design
INFO: [USF-XSim-61] Executing 'ELABORATE' step in 'C:/Users/Lydia/OneDrive/Escritorio/Top_Design_Ultrasonic_Sensor_Project/Top_Design_Ultrasonic_Sensor_Project.sim/sim_1/behav/xsim'
"xelab -wto bdb6469d961f46fd8a45a308679b7c2c --incr --debug typical --relax --mt 2 -L xil_defaultlib -L secureip --snapshot tb_top_design_behav xil_defaultlib.tb_top_design -log elaborate.log"
Vivado Simulator 2020.2
Copyright 1986-1999, 2001-2020 Xilinx, Inc. All Rights Reserved.
Running: C:/Xilinx/Vivado/2020.2/bin/unwrapped/win64.o/xelab.exe -wto bdb6469d961f46fd8a45a308679b7c2c --incr --debug typical --relax --mt 2 -L xil_defaultlib -L secureip --snapshot tb_top_design_behav xil_defaultlib.tb_top_design -log elaborate.log 
Using 2 slave threads.
Starting static elaboration
ERROR: [VRFC 10-3599] not all partial formals of 'btn' have actual [C:/Users/Lydia/OneDrive/Escritorio/Top_Design_Ultrasonic_Sensor_Project/Top_Design_Ultrasonic_Sensor_Project.srcs/sim_1/new/tb_top_design.vhd:30]
ERROR: [XSIM 43-3321] Static elaboration of top level VHDL design unit tb_top_design in library work failed.
INFO: [USF-XSim-69] 'elaborate' step finished in '2' seconds
INFO: [USF-XSim-99] Step results log file:'C:/Users/Lydia/OneDrive/Escritorio/Top_Design_Ultrasonic_Sensor_Project/Top_Design_Ultrasonic_Sensor_Project.sim/sim_1/behav/xsim/elaborate.log'
ERROR: [USF-XSim-62] 'elaborate' step failed with error(s). Please check the Tcl console output or 'C:/Users/Lydia/OneDrive/Escritorio/Top_Design_Ultrasonic_Sensor_Project/Top_Design_Ultrasonic_Sensor_Project.sim/sim_1/behav/xsim/elaborate.log' file for more information.
ERROR: [Vivado 12-4473] Detected error while running simulation. Please correct the issue and retry this operation.
ERROR: [Common 17-39] 'launch_simulation' failed due to earlier errors.
launch_simulation
Command: launch_simulation 
INFO: [Vivado 12-5682] Launching behavioral simulation in 'C:/Users/Lydia/OneDrive/Escritorio/Top_Design_Ultrasonic_Sensor_Project/Top_Design_Ultrasonic_Sensor_Project.sim/sim_1/behav/xsim'
INFO: [SIM-utils-51] Simulation object is 'sim_1'
INFO: [SIM-utils-54] Inspecting design source files for 'tb_top_design' in fileset 'sim_1'...
INFO: [USF-XSim-97] Finding global include files...
INFO: [USF-XSim-98] Fetching design files from 'sim_1'...
INFO: [USF-XSim-2] XSim::Compile design
INFO: [USF-XSim-61] Executing 'COMPILE and ANALYZE' step in 'C:/Users/Lydia/OneDrive/Escritorio/Top_Design_Ultrasonic_Sensor_Project/Top_Design_Ultrasonic_Sensor_Project.sim/sim_1/behav/xsim'
"xvhdl --incr --relax -prj tb_top_design_vhdl.prj"
INFO: [VRFC 10-163] Analyzing VHDL file "C:/Users/Lydia/OneDrive/Escritorio/Top_Design_Ultrasonic_Sensor_Project/Top_Design_Ultrasonic_Sensor_Project.srcs/sim_1/new/tb_top_design.vhd" into library xil_defaultlib
INFO: [VRFC 10-3107] analyzing entity 'tb_top_design'
INFO: [USF-XSim-69] 'compile' step finished in '2' seconds
INFO: [USF-XSim-3] XSim::Elaborate design
INFO: [USF-XSim-61] Executing 'ELABORATE' step in 'C:/Users/Lydia/OneDrive/Escritorio/Top_Design_Ultrasonic_Sensor_Project/Top_Design_Ultrasonic_Sensor_Project.sim/sim_1/behav/xsim'
"xelab -wto bdb6469d961f46fd8a45a308679b7c2c --incr --debug typical --relax --mt 2 -L xil_defaultlib -L secureip --snapshot tb_top_design_behav xil_defaultlib.tb_top_design -log elaborate.log"
Vivado Simulator 2020.2
Copyright 1986-1999, 2001-2020 Xilinx, Inc. All Rights Reserved.
Running: C:/Xilinx/Vivado/2020.2/bin/unwrapped/win64.o/xelab.exe -wto bdb6469d961f46fd8a45a308679b7c2c --incr --debug typical --relax --mt 2 -L xil_defaultlib -L secureip --snapshot tb_top_design_behav xil_defaultlib.tb_top_design -log elaborate.log 
Using 2 slave threads.
Starting static elaboration
Completed static elaboration
Starting simulation data flow analysis
Completed simulation data flow analysis
Time Resolution for simulation is 1ps
Compiling package std.standard
Compiling package std.textio
Compiling package ieee.std_logic_1164
Compiling package ieee.numeric_std
Compiling package ieee.std_logic_arith
Compiling package ieee.std_logic_unsigned
Compiling architecture behavioral of entity xil_defaultlib.ultraSonic [ultrasonic_default]
Compiling architecture behavioral of entity xil_defaultlib.LED_decoder [led_decoder_default]
Compiling architecture behavioral of entity xil_defaultlib.clock_enable [\clock_enable(g_max=400000)\]
Compiling architecture behavioral of entity xil_defaultlib.cnt_up_down [cnt_up_down_default]
Compiling architecture behavioral of entity xil_defaultlib.PWM_1 [pwm_1_default]
Compiling architecture behavioral of entity xil_defaultlib.PWM_2 [pwm_2_default]
Compiling architecture behavioral of entity xil_defaultlib.PWM_3 [pwm_3_default]
Compiling architecture behavioral of entity xil_defaultlib.PWM_4 [pwm_4_default]
Compiling architecture behavioral of entity xil_defaultlib.PWM_5 [pwm_5_default]
Compiling architecture behavioral of entity xil_defaultlib.PWM_6 [pwm_6_default]
Compiling architecture behavioral of entity xil_defaultlib.PWM_7 [pwm_7_default]
Compiling architecture behavioral of entity xil_defaultlib.PWM_8 [pwm_8_default]
Compiling architecture behavioral of entity xil_defaultlib.PWM_9 [pwm_9_default]
Compiling architecture behavioral of entity xil_defaultlib.PWM_10 [pwm_10_default]
Compiling architecture behavioral of entity xil_defaultlib.PWM_KY012 [pwm_ky012_default]
Compiling architecture behavioral of entity xil_defaultlib.top_design [\top_design(div_1u=1,div_1m=100)...]
Compiling architecture behavioral of entity xil_defaultlib.tb_top_design
Built simulation snapshot tb_top_design_behav

****** Webtalk v2020.2 (64-bit)
  **** SW Build 3064766 on Wed Nov 18 09:12:45 MST 2020
  **** IP Build 3064653 on Wed Nov 18 14:17:31 MST 2020
    ** Copyright 1986-2020 Xilinx, Inc. All Rights Reserved.

source C:/Users/Lydia/OneDrive/Escritorio/Top_Design_Ultrasonic_Sensor_Project/Top_Design_Ultrasonic_Sensor_Project.sim/sim_1/behav/xsim/xsim.dir/tb_top_design_behav/webtalk/xsim_webtalk.tcl -notrace
INFO: [Common 17-186] 'C:/Users/Lydia/OneDrive/Escritorio/Top_Design_Ultrasonic_Sensor_Project/Top_Design_Ultrasonic_Sensor_Project.sim/sim_1/behav/xsim/xsim.dir/tb_top_design_behav/webtalk/usage_statistics_ext_xsim.xml' has been successfully sent to Xilinx on Tue May  4 12:38:15 2021. For additional details about this file, please refer to the WebTalk help file at C:/Xilinx/Vivado/2020.2/doc/webtalk_introduction.html.
webtalk_transmit: Time (s): cpu = 00:00:00 ; elapsed = 00:00:07 . Memory (MB): peak = 116.449 ; gain = 17.625
INFO: [Common 17-206] Exiting Webtalk at Tue May  4 12:38:15 2021...
run_program: Time (s): cpu = 00:00:00 ; elapsed = 00:00:12 . Memory (MB): peak = 1005.988 ; gain = 0.000
INFO: [USF-XSim-69] 'elaborate' step finished in '11' seconds
INFO: [USF-XSim-4] XSim::Simulate design
INFO: [USF-XSim-61] Executing 'SIMULATE' step in 'C:/Users/Lydia/OneDrive/Escritorio/Top_Design_Ultrasonic_Sensor_Project/Top_Design_Ultrasonic_Sensor_Project.sim/sim_1/behav/xsim'
INFO: [USF-XSim-98] *** Running xsim
   with args "tb_top_design_behav -key {Behavioral:sim_1:Functional:tb_top_design} -tclbatch {tb_top_design.tcl} -log {simulate.log}"
INFO: [USF-XSim-8] Loading simulator feature
Vivado Simulator 2020.2
Time resolution is 1 ps
source tb_top_design.tcl
# set curr_wave [current_wave_config]
# if { [string length $curr_wave] == 0 } {
#   if { [llength [get_objects]] > 0} {
#     add_wave /
#     set_property needs_save false [current_wave_config]
#   } else {
#      send_msg_id Add_Wave-1 WARNING "No top level signals found. Simulator will start without a wave window. If you want to open a wave window go to 'File->New Waveform Configuration' or type 'create_wave_config' in the TCL console."
#   }
# }
# run 1000ns
Note: Stimulus process started
Time: 0 ps  Iteration: 0  Process: /tb_top_design/p_stimulus  File: C:/Users/Lydia/OneDrive/Escritorio/Top_Design_Ultrasonic_Sensor_Project/Top_Design_Ultrasonic_Sensor_Project.srcs/sim_1/new/tb_top_design.vhd
INFO: [USF-XSim-96] XSim completed. Design snapshot 'tb_top_design_behav' loaded.
INFO: [USF-XSim-97] XSim simulation ran for 1000ns
launch_simulation: Time (s): cpu = 00:00:05 ; elapsed = 00:00:16 . Memory (MB): peak = 1005.988 ; gain = 0.000
current_wave_config {Untitled 2}
Untitled 2
add_wave {{/tb_top_design/uut_top_design/Sensor/clk}} {{/tb_top_design/uut_top_design/Sensor/reset}} {{/tb_top_design/uut_top_design/Sensor/act}} {{/tb_top_design/uut_top_design/Sensor/echo}} {{/tb_top_design/uut_top_design/Sensor/trigger}} {{/tb_top_design/uut_top_design/Sensor/distanceRange}} {{/tb_top_design/uut_top_design/Sensor/tic_1u}} {{/tb_top_design/uut_top_design/Sensor/cnt_1u}} {{/tb_top_design/uut_top_design/Sensor/tic_1m}} {{/tb_top_design/uut_top_design/Sensor/cnt_1m}} {{/tb_top_design/uut_top_design/Sensor/tic_60m}} {{/tb_top_design/uut_top_design/Sensor/cnt_60m}} {{/tb_top_design/uut_top_design/Sensor/echo_value}} {{/tb_top_design/uut_top_design/Sensor/cnt_trig}} {{/tb_top_design/uut_top_design/Sensor/cnt_echo}} {{/tb_top_design/uut_top_design/Sensor/DIV_1u}} {{/tb_top_design/uut_top_design/Sensor/DIV_1m}} {{/tb_top_design/uut_top_design/Sensor/DIV_60m}} 
current_wave_config {Untitled 2}
Untitled 2
add_wave {{/tb_top_design/uut_top_design/LED_decoder}} 
current_wave_config {Untitled 2}
Untitled 2
add_wave {{/tb_top_design/uut_top_design/PWM_KY012}} 
relaunch_sim
suspend_sim: Time (s): cpu = 00:00:01 ; elapsed = 00:00:09 . Memory (MB): peak = 1005.988 ; gain = 0.000
Command: launch_simulation -simset sim_1 -mode behavioral
INFO: [Vivado 12-5682] Launching behavioral simulation in 'C:/Users/Lydia/OneDrive/Escritorio/Top_Design_Ultrasonic_Sensor_Project/Top_Design_Ultrasonic_Sensor_Project.sim/sim_1/behav/xsim'
INFO: [SIM-utils-51] Simulation object is 'sim_1'
INFO: [SIM-utils-54] Inspecting design source files for 'tb_top_design' in fileset 'sim_1'...
INFO: [USF-XSim-97] Finding global include files...
INFO: [USF-XSim-98] Fetching design files from 'sim_1'...
INFO: [USF-XSim-2] XSim::Compile design
INFO: [USF-XSim-61] Executing 'COMPILE and ANALYZE' step in 'C:/Users/Lydia/OneDrive/Escritorio/Top_Design_Ultrasonic_Sensor_Project/Top_Design_Ultrasonic_Sensor_Project.sim/sim_1/behav/xsim'
"xvhdl --incr --relax -prj tb_top_design_vhdl.prj"
INFO: [USF-XSim-69] 'compile' step finished in '2' seconds
Command: launch_simulation -simset sim_1 -mode behavioral
INFO: [Vivado 12-5682] Launching behavioral simulation in 'C:/Users/Lydia/OneDrive/Escritorio/Top_Design_Ultrasonic_Sensor_Project/Top_Design_Ultrasonic_Sensor_Project.sim/sim_1/behav/xsim'
INFO: [USF-XSim-3] XSim::Elaborate design
INFO: [USF-XSim-61] Executing 'ELABORATE' step in 'C:/Users/Lydia/OneDrive/Escritorio/Top_Design_Ultrasonic_Sensor_Project/Top_Design_Ultrasonic_Sensor_Project.sim/sim_1/behav/xsim'
"xelab -wto bdb6469d961f46fd8a45a308679b7c2c --incr --debug typical --relax --mt 2 -L xil_defaultlib -L secureip --snapshot tb_top_design_behav xil_defaultlib.tb_top_design -log elaborate.log"
Vivado Simulator 2020.2
Copyright 1986-1999, 2001-2020 Xilinx, Inc. All Rights Reserved.
Running: C:/Xilinx/Vivado/2020.2/bin/unwrapped/win64.o/xelab.exe -wto bdb6469d961f46fd8a45a308679b7c2c --incr --debug typical --relax --mt 2 -L xil_defaultlib -L secureip --snapshot tb_top_design_behav xil_defaultlib.tb_top_design -log elaborate.log 
Using 2 slave threads.
Starting static elaboration
Completed static elaboration
INFO: [XSIM 43-4323] No Change in HDL. Linking previously generated obj files to create kernel
INFO: [USF-XSim-69] 'elaborate' step finished in '2' seconds
Vivado Simulator 2020.2
Time resolution is 1 ps
Note: Stimulus process started
Time: 0 ps  Iteration: 0  Process: /tb_top_design/p_stimulus  File: C:/Users/Lydia/OneDrive/Escritorio/Top_Design_Ultrasonic_Sensor_Project/Top_Design_Ultrasonic_Sensor_Project.srcs/sim_1/new/tb_top_design.vhd
relaunch_sim: Time (s): cpu = 00:00:02 ; elapsed = 00:00:15 . Memory (MB): peak = 1005.988 ; gain = 0.000
add_bp {C:/Users/Lydia/OneDrive/Escritorio/Top_Design_Ultrasonic_Sensor_Project/Top_Design_Ultrasonic_Sensor_Project.srcs/sim_1/new/tb_top_design.vhd} 56
remove_bps -file {C:/Users/Lydia/OneDrive/Escritorio/Top_Design_Ultrasonic_Sensor_Project/Top_Design_Ultrasonic_Sensor_Project.srcs/sim_1/new/tb_top_design.vhd} -line 56
save_wave_config {C:/Users/Lydia/OneDrive/Escritorio/Top_Design_Ultrasonic_Sensor_Project/tb_top_design_behav.wcfg}
add_files -fileset sim_1 -norecurse C:/Users/Lydia/OneDrive/Escritorio/Top_Design_Ultrasonic_Sensor_Project/tb_top_design_behav.wcfg
set_property xsim.view C:/Users/Lydia/OneDrive/Escritorio/Top_Design_Ultrasonic_Sensor_Project/tb_top_design_behav.wcfg [get_filesets sim_1]
close_sim
INFO: [Simtcl 6-16] Simulation closed
launch_simulation
Command: launch_simulation 
INFO: [Vivado 12-5682] Launching behavioral simulation in 'C:/Users/Lydia/OneDrive/Escritorio/Top_Design_Ultrasonic_Sensor_Project/Top_Design_Ultrasonic_Sensor_Project.sim/sim_1/behav/xsim'
INFO: [SIM-utils-51] Simulation object is 'sim_1'
INFO: [SIM-utils-54] Inspecting design source files for 'tb_top_design' in fileset 'sim_1'...
INFO: [USF-XSim-97] Finding global include files...
INFO: [USF-XSim-98] Fetching design files from 'sim_1'...
INFO: [USF-XSim-2] XSim::Compile design
INFO: [USF-XSim-61] Executing 'COMPILE and ANALYZE' step in 'C:/Users/Lydia/OneDrive/Escritorio/Top_Design_Ultrasonic_Sensor_Project/Top_Design_Ultrasonic_Sensor_Project.sim/sim_1/behav/xsim'
"xvhdl --incr --relax -prj tb_top_design_vhdl.prj"
INFO: [VRFC 10-163] Analyzing VHDL file "C:/Users/Lydia/OneDrive/Escritorio/Top_Design_Ultrasonic_Sensor_Project/Top_Design_Ultrasonic_Sensor_Project.srcs/sim_1/new/tb_top_design.vhd" into library xil_defaultlib
INFO: [VRFC 10-3107] analyzing entity 'tb_top_design'
INFO: [USF-XSim-69] 'compile' step finished in '1' seconds
INFO: [USF-XSim-3] XSim::Elaborate design
INFO: [USF-XSim-61] Executing 'ELABORATE' step in 'C:/Users/Lydia/OneDrive/Escritorio/Top_Design_Ultrasonic_Sensor_Project/Top_Design_Ultrasonic_Sensor_Project.sim/sim_1/behav/xsim'
"xelab -wto bdb6469d961f46fd8a45a308679b7c2c --incr --debug typical --relax --mt 2 -L xil_defaultlib -L secureip --snapshot tb_top_design_behav xil_defaultlib.tb_top_design -log elaborate.log"
Vivado Simulator 2020.2
Copyright 1986-1999, 2001-2020 Xilinx, Inc. All Rights Reserved.
Running: C:/Xilinx/Vivado/2020.2/bin/unwrapped/win64.o/xelab.exe -wto bdb6469d961f46fd8a45a308679b7c2c --incr --debug typical --relax --mt 2 -L xil_defaultlib -L secureip --snapshot tb_top_design_behav xil_defaultlib.tb_top_design -log elaborate.log 
Using 2 slave threads.
Starting static elaboration
Completed static elaboration
Starting simulation data flow analysis
Completed simulation data flow analysis
Time Resolution for simulation is 1ps
Compiling package std.standard
Compiling package std.textio
Compiling package ieee.std_logic_1164
Compiling package ieee.numeric_std
Compiling package ieee.std_logic_arith
Compiling package ieee.std_logic_unsigned
Compiling architecture behavioral of entity xil_defaultlib.ultraSonic [ultrasonic_default]
Compiling architecture behavioral of entity xil_defaultlib.LED_decoder [led_decoder_default]
Compiling architecture behavioral of entity xil_defaultlib.clock_enable [\clock_enable(g_max=400000)\]
Compiling architecture behavioral of entity xil_defaultlib.cnt_up_down [cnt_up_down_default]
Compiling architecture behavioral of entity xil_defaultlib.PWM_1 [pwm_1_default]
Compiling architecture behavioral of entity xil_defaultlib.PWM_2 [pwm_2_default]
Compiling architecture behavioral of entity xil_defaultlib.PWM_3 [pwm_3_default]
Compiling architecture behavioral of entity xil_defaultlib.PWM_4 [pwm_4_default]
Compiling architecture behavioral of entity xil_defaultlib.PWM_5 [pwm_5_default]
Compiling architecture behavioral of entity xil_defaultlib.PWM_6 [pwm_6_default]
Compiling architecture behavioral of entity xil_defaultlib.PWM_7 [pwm_7_default]
Compiling architecture behavioral of entity xil_defaultlib.PWM_8 [pwm_8_default]
Compiling architecture behavioral of entity xil_defaultlib.PWM_9 [pwm_9_default]
Compiling architecture behavioral of entity xil_defaultlib.PWM_10 [pwm_10_default]
Compiling architecture behavioral of entity xil_defaultlib.PWM_KY012 [pwm_ky012_default]
Compiling architecture behavioral of entity xil_defaultlib.top_design [\top_design(div_1u=1,div_1m=100)...]
Compiling architecture behavioral of entity xil_defaultlib.tb_top_design
Built simulation snapshot tb_top_design_behav
INFO: [USF-XSim-69] 'elaborate' step finished in '2' seconds
INFO: [USF-XSim-4] XSim::Simulate design
INFO: [USF-XSim-61] Executing 'SIMULATE' step in 'C:/Users/Lydia/OneDrive/Escritorio/Top_Design_Ultrasonic_Sensor_Project/Top_Design_Ultrasonic_Sensor_Project.sim/sim_1/behav/xsim'
INFO: [USF-XSim-98] *** Running xsim
   with args "tb_top_design_behav -key {Behavioral:sim_1:Functional:tb_top_design} -tclbatch {tb_top_design.tcl} -view {C:/Users/Lydia/OneDrive/Escritorio/Top_Design_Ultrasonic_Sensor_Project/tb_top_design_behav.wcfg} -log {simulate.log}"
INFO: [USF-XSim-8] Loading simulator feature
Vivado Simulator 2020.2
Time resolution is 1 ps
open_wave_config C:/Users/Lydia/OneDrive/Escritorio/Top_Design_Ultrasonic_Sensor_Project/tb_top_design_behav.wcfg
source tb_top_design.tcl
# set curr_wave [current_wave_config]
# if { [string length $curr_wave] == 0 } {
#   if { [llength [get_objects]] > 0} {
#     add_wave /
#     set_property needs_save false [current_wave_config]
#   } else {
#      send_msg_id Add_Wave-1 WARNING "No top level signals found. Simulator will start without a wave window. If you want to open a wave window go to 'File->New Waveform Configuration' or type 'create_wave_config' in the TCL console."
#   }
# }
# run 1000ns
Note: Stimulus process started
Time: 0 ps  Iteration: 0  Process: /tb_top_design/p_stimulus  File: C:/Users/Lydia/OneDrive/Escritorio/Top_Design_Ultrasonic_Sensor_Project/Top_Design_Ultrasonic_Sensor_Project.srcs/sim_1/new/tb_top_design.vhd
INFO: [USF-XSim-96] XSim completed. Design snapshot 'tb_top_design_behav' loaded.
INFO: [USF-XSim-97] XSim simulation ran for 1000ns
launch_simulation: Time (s): cpu = 00:00:06 ; elapsed = 00:00:08 . Memory (MB): peak = 1005.988 ; gain = 0.000
set_property -name {xsim.simulate.runtime} -value {1000us} -objects [get_filesets sim_1]
WARNING: [filemgmt 56-199] Attempt to get parsing info during refresh. "On-the-fly" syntax checking information may be incorrect. [C:\Users\Lydia\OneDrive\Escritorio\Top_Design_Ultrasonic_Sensor_Project\Top_Design_Ultrasonic_Sensor_Project.srcs\sim_1\new\tb_top_design.vhd:]
WARNING: [filemgmt 56-199] Attempt to get parsing info during refresh. "On-the-fly" syntax checking information may be incorrect. [C:\Users\Lydia\OneDrive\Escritorio\Top_Design_Ultrasonic_Sensor_Project\Top_Design_Ultrasonic_Sensor_Project.srcs\sources_1\new\ultraSonic.vhd:]
WARNING: [filemgmt 56-199] Attempt to get parsing info during refresh. "On-the-fly" syntax checking information may be incorrect. [C:\Users\Lydia\OneDrive\Escritorio\Top_Design_Ultrasonic_Sensor_Project\Top_Design_Ultrasonic_Sensor_Project.srcs\sources_1\new\Top_design.vhd:]
WARNING: [filemgmt 56-199] Attempt to get parsing info during refresh. "On-the-fly" syntax checking information may be incorrect. [C:\Users\Lydia\OneDrive\Escritorio\Top_Design_Ultrasonic_Sensor_Project\Top_Design_Ultrasonic_Sensor_Project.srcs\sim_1\new\tb_top_design.vhd:]
WARNING: [filemgmt 56-199] Attempt to get parsing info during refresh. "On-the-fly" syntax checking information may be incorrect. [C:\Users\Lydia\OneDrive\Escritorio\Top_Design_Ultrasonic_Sensor_Project\Top_Design_Ultrasonic_Sensor_Project.srcs\sources_1\new\ultraSonic.vhd:]
close_sim
INFO: [Simtcl 6-16] Simulation closed
launch_simulation
Command: launch_simulation 
INFO: [Vivado 12-5682] Launching behavioral simulation in 'C:/Users/Lydia/OneDrive/Escritorio/Top_Design_Ultrasonic_Sensor_Project/Top_Design_Ultrasonic_Sensor_Project.sim/sim_1/behav/xsim'
INFO: [SIM-utils-51] Simulation object is 'sim_1'
INFO: [SIM-utils-54] Inspecting design source files for 'tb_top_design' in fileset 'sim_1'...
INFO: [USF-XSim-97] Finding global include files...
INFO: [USF-XSim-98] Fetching design files from 'sim_1'...
INFO: [USF-XSim-2] XSim::Compile design
INFO: [USF-XSim-61] Executing 'COMPILE and ANALYZE' step in 'C:/Users/Lydia/OneDrive/Escritorio/Top_Design_Ultrasonic_Sensor_Project/Top_Design_Ultrasonic_Sensor_Project.sim/sim_1/behav/xsim'
"xvhdl --incr --relax -prj tb_top_design_vhdl.prj"
INFO: [VRFC 10-163] Analyzing VHDL file "C:/Users/Lydia/OneDrive/Escritorio/Top_Design_Ultrasonic_Sensor_Project/Top_Design_Ultrasonic_Sensor_Project.srcs/sim_1/new/tb_top_design.vhd" into library xil_defaultlib
INFO: [VRFC 10-3107] analyzing entity 'tb_top_design'
INFO: [USF-XSim-69] 'compile' step finished in '1' seconds
INFO: [USF-XSim-3] XSim::Elaborate design
INFO: [USF-XSim-61] Executing 'ELABORATE' step in 'C:/Users/Lydia/OneDrive/Escritorio/Top_Design_Ultrasonic_Sensor_Project/Top_Design_Ultrasonic_Sensor_Project.sim/sim_1/behav/xsim'
"xelab -wto bdb6469d961f46fd8a45a308679b7c2c --incr --debug typical --relax --mt 2 -L xil_defaultlib -L secureip --snapshot tb_top_design_behav xil_defaultlib.tb_top_design -log elaborate.log"
Vivado Simulator 2020.2
Copyright 1986-1999, 2001-2020 Xilinx, Inc. All Rights Reserved.
Running: C:/Xilinx/Vivado/2020.2/bin/unwrapped/win64.o/xelab.exe -wto bdb6469d961f46fd8a45a308679b7c2c --incr --debug typical --relax --mt 2 -L xil_defaultlib -L secureip --snapshot tb_top_design_behav xil_defaultlib.tb_top_design -log elaborate.log 
Using 2 slave threads.
Starting static elaboration
Completed static elaboration
Starting simulation data flow analysis
Completed simulation data flow analysis
Time Resolution for simulation is 1ps
Compiling package std.standard
Compiling package std.textio
Compiling package ieee.std_logic_1164
Compiling package ieee.numeric_std
Compiling package ieee.std_logic_arith
Compiling package ieee.std_logic_unsigned
Compiling architecture behavioral of entity xil_defaultlib.ultraSonic [ultrasonic_default]
Compiling architecture behavioral of entity xil_defaultlib.LED_decoder [led_decoder_default]
Compiling architecture behavioral of entity xil_defaultlib.clock_enable [\clock_enable(g_max=400000)\]
Compiling architecture behavioral of entity xil_defaultlib.cnt_up_down [cnt_up_down_default]
Compiling architecture behavioral of entity xil_defaultlib.PWM_1 [pwm_1_default]
Compiling architecture behavioral of entity xil_defaultlib.PWM_2 [pwm_2_default]
Compiling architecture behavioral of entity xil_defaultlib.PWM_3 [pwm_3_default]
Compiling architecture behavioral of entity xil_defaultlib.PWM_4 [pwm_4_default]
Compiling architecture behavioral of entity xil_defaultlib.PWM_5 [pwm_5_default]
Compiling architecture behavioral of entity xil_defaultlib.PWM_6 [pwm_6_default]
Compiling architecture behavioral of entity xil_defaultlib.PWM_7 [pwm_7_default]
Compiling architecture behavioral of entity xil_defaultlib.PWM_8 [pwm_8_default]
Compiling architecture behavioral of entity xil_defaultlib.PWM_9 [pwm_9_default]
Compiling architecture behavioral of entity xil_defaultlib.PWM_10 [pwm_10_default]
Compiling architecture behavioral of entity xil_defaultlib.PWM_KY012 [pwm_ky012_default]
Compiling architecture behavioral of entity xil_defaultlib.top_design [\top_design(div_1u=1,div_1m=100)...]
Compiling architecture behavioral of entity xil_defaultlib.tb_top_design
Built simulation snapshot tb_top_design_behav
INFO: [USF-XSim-69] 'elaborate' step finished in '2' seconds
INFO: [USF-XSim-4] XSim::Simulate design
INFO: [USF-XSim-61] Executing 'SIMULATE' step in 'C:/Users/Lydia/OneDrive/Escritorio/Top_Design_Ultrasonic_Sensor_Project/Top_Design_Ultrasonic_Sensor_Project.sim/sim_1/behav/xsim'
INFO: [USF-XSim-98] *** Running xsim
   with args "tb_top_design_behav -key {Behavioral:sim_1:Functional:tb_top_design} -tclbatch {tb_top_design.tcl} -view {C:/Users/Lydia/OneDrive/Escritorio/Top_Design_Ultrasonic_Sensor_Project/tb_top_design_behav.wcfg} -log {simulate.log}"
INFO: [USF-XSim-8] Loading simulator feature
Vivado Simulator 2020.2
Time resolution is 1 ps
open_wave_config C:/Users/Lydia/OneDrive/Escritorio/Top_Design_Ultrasonic_Sensor_Project/tb_top_design_behav.wcfg
source tb_top_design.tcl
# set curr_wave [current_wave_config]
# if { [string length $curr_wave] == 0 } {
#   if { [llength [get_objects]] > 0} {
#     add_wave /
#     set_property needs_save false [current_wave_config]
#   } else {
#      send_msg_id Add_Wave-1 WARNING "No top level signals found. Simulator will start without a wave window. If you want to open a wave window go to 'File->New Waveform Configuration' or type 'create_wave_config' in the TCL console."
#   }
# }
# run 1000us
Note: Stimulus process started
Time: 0 ps  Iteration: 0  Process: /tb_top_design/p_stimulus  File: C:/Users/Lydia/OneDrive/Escritorio/Top_Design_Ultrasonic_Sensor_Project/Top_Design_Ultrasonic_Sensor_Project.srcs/sim_1/new/tb_top_design.vhd
INFO: [USF-XSim-96] XSim completed. Design snapshot 'tb_top_design_behav' loaded.
INFO: [USF-XSim-97] XSim simulation ran for 1000us
launch_simulation: Time (s): cpu = 00:00:04 ; elapsed = 00:00:07 . Memory (MB): peak = 1005.988 ; gain = 0.000
relaunch_sim
Command: launch_simulation -simset sim_1 -mode behavioral
INFO: [Vivado 12-5682] Launching behavioral simulation in 'C:/Users/Lydia/OneDrive/Escritorio/Top_Design_Ultrasonic_Sensor_Project/Top_Design_Ultrasonic_Sensor_Project.sim/sim_1/behav/xsim'
INFO: [SIM-utils-51] Simulation object is 'sim_1'
INFO: [SIM-utils-54] Inspecting design source files for 'tb_top_design' in fileset 'sim_1'...
INFO: [USF-XSim-97] Finding global include files...
INFO: [USF-XSim-98] Fetching design files from 'sim_1'...
INFO: [USF-XSim-2] XSim::Compile design
INFO: [USF-XSim-61] Executing 'COMPILE and ANALYZE' step in 'C:/Users/Lydia/OneDrive/Escritorio/Top_Design_Ultrasonic_Sensor_Project/Top_Design_Ultrasonic_Sensor_Project.sim/sim_1/behav/xsim'
"xvhdl --incr --relax -prj tb_top_design_vhdl.prj"
INFO: [VRFC 10-163] Analyzing VHDL file "C:/Users/Lydia/OneDrive/Escritorio/Top_Design_Ultrasonic_Sensor_Project/Top_Design_Ultrasonic_Sensor_Project.srcs/sim_1/new/tb_top_design.vhd" into library xil_defaultlib
INFO: [VRFC 10-3107] analyzing entity 'tb_top_design'
INFO: [USF-XSim-69] 'compile' step finished in '2' seconds
Command: launch_simulation -simset sim_1 -mode behavioral
INFO: [Vivado 12-5682] Launching behavioral simulation in 'C:/Users/Lydia/OneDrive/Escritorio/Top_Design_Ultrasonic_Sensor_Project/Top_Design_Ultrasonic_Sensor_Project.sim/sim_1/behav/xsim'
INFO: [USF-XSim-3] XSim::Elaborate design
INFO: [USF-XSim-61] Executing 'ELABORATE' step in 'C:/Users/Lydia/OneDrive/Escritorio/Top_Design_Ultrasonic_Sensor_Project/Top_Design_Ultrasonic_Sensor_Project.sim/sim_1/behav/xsim'
"xelab -wto bdb6469d961f46fd8a45a308679b7c2c --incr --debug typical --relax --mt 2 -L xil_defaultlib -L secureip --snapshot tb_top_design_behav xil_defaultlib.tb_top_design -log elaborate.log"
Vivado Simulator 2020.2
Copyright 1986-1999, 2001-2020 Xilinx, Inc. All Rights Reserved.
Running: C:/Xilinx/Vivado/2020.2/bin/unwrapped/win64.o/xelab.exe -wto bdb6469d961f46fd8a45a308679b7c2c --incr --debug typical --relax --mt 2 -L xil_defaultlib -L secureip --snapshot tb_top_design_behav xil_defaultlib.tb_top_design -log elaborate.log 
Using 2 slave threads.
Starting static elaboration
Completed static elaboration
Starting simulation data flow analysis
Completed simulation data flow analysis
Time Resolution for simulation is 1ps
Compiling package std.standard
Compiling package std.textio
Compiling package ieee.std_logic_1164
Compiling package ieee.numeric_std
Compiling package ieee.std_logic_arith
Compiling package ieee.std_logic_unsigned
Compiling architecture behavioral of entity xil_defaultlib.ultraSonic [ultrasonic_default]
Compiling architecture behavioral of entity xil_defaultlib.LED_decoder [led_decoder_default]
Compiling architecture behavioral of entity xil_defaultlib.clock_enable [\clock_enable(g_max=400000)\]
Compiling architecture behavioral of entity xil_defaultlib.cnt_up_down [cnt_up_down_default]
Compiling architecture behavioral of entity xil_defaultlib.PWM_1 [pwm_1_default]
Compiling architecture behavioral of entity xil_defaultlib.PWM_2 [pwm_2_default]
Compiling architecture behavioral of entity xil_defaultlib.PWM_3 [pwm_3_default]
Compiling architecture behavioral of entity xil_defaultlib.PWM_4 [pwm_4_default]
Compiling architecture behavioral of entity xil_defaultlib.PWM_5 [pwm_5_default]
Compiling architecture behavioral of entity xil_defaultlib.PWM_6 [pwm_6_default]
Compiling architecture behavioral of entity xil_defaultlib.PWM_7 [pwm_7_default]
Compiling architecture behavioral of entity xil_defaultlib.PWM_8 [pwm_8_default]
Compiling architecture behavioral of entity xil_defaultlib.PWM_9 [pwm_9_default]
Compiling architecture behavioral of entity xil_defaultlib.PWM_10 [pwm_10_default]
Compiling architecture behavioral of entity xil_defaultlib.PWM_KY012 [pwm_ky012_default]
Compiling architecture behavioral of entity xil_defaultlib.top_design [\top_design(div_1u=1,div_1m=100)...]
Compiling architecture behavioral of entity xil_defaultlib.tb_top_design
Built simulation snapshot tb_top_design_behav
INFO: [USF-XSim-69] 'elaborate' step finished in '1' seconds
Vivado Simulator 2020.2
Time resolution is 1 ps
Note: Stimulus process started
Time: 0 ps  Iteration: 0  Process: /tb_top_design/p_stimulus  File: C:/Users/Lydia/OneDrive/Escritorio/Top_Design_Ultrasonic_Sensor_Project/Top_Design_Ultrasonic_Sensor_Project.srcs/sim_1/new/tb_top_design.vhd
relaunch_sim: Time (s): cpu = 00:00:01 ; elapsed = 00:00:06 . Memory (MB): peak = 1005.988 ; gain = 0.000
close_sim
INFO: [Simtcl 6-16] Simulation closed
launch_simulation
Command: launch_simulation 
INFO: [Vivado 12-5682] Launching behavioral simulation in 'C:/Users/Lydia/OneDrive/Escritorio/Top_Design_Ultrasonic_Sensor_Project/Top_Design_Ultrasonic_Sensor_Project.sim/sim_1/behav/xsim'
INFO: [SIM-utils-51] Simulation object is 'sim_1'
INFO: [SIM-utils-54] Inspecting design source files for 'tb_top_design' in fileset 'sim_1'...
INFO: [USF-XSim-97] Finding global include files...
INFO: [USF-XSim-98] Fetching design files from 'sim_1'...
INFO: [USF-XSim-2] XSim::Compile design
INFO: [USF-XSim-61] Executing 'COMPILE and ANALYZE' step in 'C:/Users/Lydia/OneDrive/Escritorio/Top_Design_Ultrasonic_Sensor_Project/Top_Design_Ultrasonic_Sensor_Project.sim/sim_1/behav/xsim'
"xvhdl --incr --relax -prj tb_top_design_vhdl.prj"
INFO: [VRFC 10-163] Analyzing VHDL file "C:/Users/Lydia/OneDrive/Escritorio/Top_Design_Ultrasonic_Sensor_Project/Top_Design_Ultrasonic_Sensor_Project.srcs/sources_1/new/Top_design.vhd" into library xil_defaultlib
INFO: [VRFC 10-3107] analyzing entity 'top_design'
INFO: [VRFC 10-163] Analyzing VHDL file "C:/Users/Lydia/OneDrive/Escritorio/Top_Design_Ultrasonic_Sensor_Project/Top_Design_Ultrasonic_Sensor_Project.srcs/sim_1/new/tb_top_design.vhd" into library xil_defaultlib
INFO: [VRFC 10-3107] analyzing entity 'tb_top_design'
INFO: [USF-XSim-69] 'compile' step finished in '1' seconds
INFO: [USF-XSim-3] XSim::Elaborate design
INFO: [USF-XSim-61] Executing 'ELABORATE' step in 'C:/Users/Lydia/OneDrive/Escritorio/Top_Design_Ultrasonic_Sensor_Project/Top_Design_Ultrasonic_Sensor_Project.sim/sim_1/behav/xsim'
"xelab -wto bdb6469d961f46fd8a45a308679b7c2c --incr --debug typical --relax --mt 2 -L xil_defaultlib -L secureip --snapshot tb_top_design_behav xil_defaultlib.tb_top_design -log elaborate.log"
Vivado Simulator 2020.2
Copyright 1986-1999, 2001-2020 Xilinx, Inc. All Rights Reserved.
Running: C:/Xilinx/Vivado/2020.2/bin/unwrapped/win64.o/xelab.exe -wto bdb6469d961f46fd8a45a308679b7c2c --incr --debug typical --relax --mt 2 -L xil_defaultlib -L secureip --snapshot tb_top_design_behav xil_defaultlib.tb_top_design -log elaborate.log 
Using 2 slave threads.
Starting static elaboration
Completed static elaboration
Starting simulation data flow analysis
Completed simulation data flow analysis
Time Resolution for simulation is 1ps
Compiling package std.standard
Compiling package std.textio
Compiling package ieee.std_logic_1164
Compiling package ieee.numeric_std
Compiling package ieee.std_logic_arith
Compiling package ieee.std_logic_unsigned
Compiling architecture behavioral of entity xil_defaultlib.ultraSonic [ultrasonic_default]
Compiling architecture behavioral of entity xil_defaultlib.LED_decoder [led_decoder_default]
Compiling architecture behavioral of entity xil_defaultlib.clock_enable [\clock_enable(g_max=400000)\]
Compiling architecture behavioral of entity xil_defaultlib.cnt_up_down [cnt_up_down_default]
Compiling architecture behavioral of entity xil_defaultlib.PWM_1 [pwm_1_default]
Compiling architecture behavioral of entity xil_defaultlib.PWM_2 [pwm_2_default]
Compiling architecture behavioral of entity xil_defaultlib.PWM_3 [pwm_3_default]
Compiling architecture behavioral of entity xil_defaultlib.PWM_4 [pwm_4_default]
Compiling architecture behavioral of entity xil_defaultlib.PWM_5 [pwm_5_default]
Compiling architecture behavioral of entity xil_defaultlib.PWM_6 [pwm_6_default]
Compiling architecture behavioral of entity xil_defaultlib.PWM_7 [pwm_7_default]
Compiling architecture behavioral of entity xil_defaultlib.PWM_8 [pwm_8_default]
Compiling architecture behavioral of entity xil_defaultlib.PWM_9 [pwm_9_default]
Compiling architecture behavioral of entity xil_defaultlib.PWM_10 [pwm_10_default]
Compiling architecture behavioral of entity xil_defaultlib.PWM_KY012 [pwm_ky012_default]
Compiling architecture behavioral of entity xil_defaultlib.top_design [\top_design(div_1u=1,div_1m=100)...]
Compiling architecture behavioral of entity xil_defaultlib.tb_top_design
Built simulation snapshot tb_top_design_behav
INFO: [USF-XSim-69] 'elaborate' step finished in '2' seconds
INFO: [USF-XSim-4] XSim::Simulate design
INFO: [USF-XSim-61] Executing 'SIMULATE' step in 'C:/Users/Lydia/OneDrive/Escritorio/Top_Design_Ultrasonic_Sensor_Project/Top_Design_Ultrasonic_Sensor_Project.sim/sim_1/behav/xsim'
INFO: [USF-XSim-98] *** Running xsim
   with args "tb_top_design_behav -key {Behavioral:sim_1:Functional:tb_top_design} -tclbatch {tb_top_design.tcl} -view {C:/Users/Lydia/OneDrive/Escritorio/Top_Design_Ultrasonic_Sensor_Project/tb_top_design_behav.wcfg} -log {simulate.log}"
INFO: [USF-XSim-8] Loading simulator feature
Vivado Simulator 2020.2
Time resolution is 1 ps
open_wave_config C:/Users/Lydia/OneDrive/Escritorio/Top_Design_Ultrasonic_Sensor_Project/tb_top_design_behav.wcfg
source tb_top_design.tcl
# set curr_wave [current_wave_config]
# if { [string length $curr_wave] == 0 } {
#   if { [llength [get_objects]] > 0} {
#     add_wave /
#     set_property needs_save false [current_wave_config]
#   } else {
#      send_msg_id Add_Wave-1 WARNING "No top level signals found. Simulator will start without a wave window. If you want to open a wave window go to 'File->New Waveform Configuration' or type 'create_wave_config' in the TCL console."
#   }
# }
# run 1000us
Note: Stimulus process started
Time: 0 ps  Iteration: 0  Process: /tb_top_design/p_stimulus  File: C:/Users/Lydia/OneDrive/Escritorio/Top_Design_Ultrasonic_Sensor_Project/Top_Design_Ultrasonic_Sensor_Project.srcs/sim_1/new/tb_top_design.vhd
INFO: [USF-XSim-96] XSim completed. Design snapshot 'tb_top_design_behav' loaded.
INFO: [USF-XSim-97] XSim simulation ran for 1000us
launch_simulation: Time (s): cpu = 00:00:04 ; elapsed = 00:00:07 . Memory (MB): peak = 1005.988 ; gain = 0.000
close_sim
INFO: [Simtcl 6-16] Simulation closed
exit
INFO: [Common 17-206] Exiting Vivado at Tue May  4 13:51:06 2021...
