INFO: [VRFC 10-163] Analyzing VHDL file "C:/Users/egeme/Digital-electronics-1/Labs/06-display_driver/display_driver/display_driver.srcs/sources_1/new/clock_enable.vhd" into library xil_defaultlib
INFO: [VRFC 10-3107] analyzing entity 'clock_enable'
INFO: [VRFC 10-163] Analyzing VHDL file "C:/Users/egeme/Digital-electronics-1/Labs/06-display_driver/display_driver/display_driver.srcs/sources_1/new/cnt_up_down.vhd" into library xil_defaultlib
INFO: [VRFC 10-3107] analyzing entity 'cnt_up_down'
INFO: [VRFC 10-163] Analyzing VHDL file "C:/Users/egeme/Digital-electronics-1/Labs/06-display_driver/display_driver/display_driver.srcs/sources_1/new/hex_7seg.vhd" into library xil_defaultlib
INFO: [VRFC 10-3107] analyzing entity 'hex_7seg'
INFO: [VRFC 10-163] Analyzing VHDL file "C:/Users/egeme/Digital-electronics-1/Labs/06-display_driver/display_driver/display_driver.srcs/sources_1/new/driver_7seg_4digits.vhd" into library xil_defaultlib
INFO: [VRFC 10-3107] analyzing entity 'driver_7seg_4digits'
INFO: [VRFC 10-163] Analyzing VHDL file "C:/Users/egeme/Digital-electronics-1/Labs/06-display_driver/display_driver/display_driver.srcs/sources_1/new/top.vhd" into library xil_defaultlib
INFO: [VRFC 10-3107] analyzing entity 'top'
ERROR: [VRFC 10-8350] formal port 'dig_o' of mode 'out' cannot be associated with actual port 'an' of mode 'in' [C:/Users/egeme/Digital-electronics-1/Labs/06-display_driver/display_driver/display_driver.srcs/sources_1/new/top.vhd:55]
ERROR: [VRFC 10-3030] 'an' with mode 'in' cannot be updated [C:/Users/egeme/Digital-electronics-1/Labs/06-display_driver/display_driver/display_driver.srcs/sources_1/new/top.vhd:55]
ERROR: [VRFC 10-8350] formal port 'dig_o' of mode 'out' cannot be associated with actual port 'an' of mode 'in' [C:/Users/egeme/Digital-electronics-1/Labs/06-display_driver/display_driver/display_driver.srcs/sources_1/new/top.vhd:56]
ERROR: [VRFC 10-3030] 'an' with mode 'in' cannot be updated [C:/Users/egeme/Digital-electronics-1/Labs/06-display_driver/display_driver/display_driver.srcs/sources_1/new/top.vhd:56]
ERROR: [VRFC 10-8350] formal port 'dig_o' of mode 'out' cannot be associated with actual port 'an' of mode 'in' [C:/Users/egeme/Digital-electronics-1/Labs/06-display_driver/display_driver/display_driver.srcs/sources_1/new/top.vhd:57]
ERROR: [VRFC 10-3030] 'an' with mode 'in' cannot be updated [C:/Users/egeme/Digital-electronics-1/Labs/06-display_driver/display_driver/display_driver.srcs/sources_1/new/top.vhd:57]
ERROR: [VRFC 10-8350] formal port 'dig_o' of mode 'out' cannot be associated with actual port 'an' of mode 'in' [C:/Users/egeme/Digital-electronics-1/Labs/06-display_driver/display_driver/display_driver.srcs/sources_1/new/top.vhd:58]
ERROR: [VRFC 10-3030] 'an' with mode 'in' cannot be updated [C:/Users/egeme/Digital-electronics-1/Labs/06-display_driver/display_driver/display_driver.srcs/sources_1/new/top.vhd:58]
ERROR: [VRFC 10-3208] cannot update 'in' object 'an' [C:/Users/egeme/Digital-electronics-1/Labs/06-display_driver/display_driver/display_driver.srcs/sources_1/new/top.vhd:63]
ERROR: [VRFC 10-3782] unit 'behavioral' ignored due to previous errors [C:/Users/egeme/Digital-electronics-1/Labs/06-display_driver/display_driver/display_driver.srcs/sources_1/new/top.vhd:19]
INFO: [VRFC 10-3070] VHDL file 'C:/Users/egeme/Digital-electronics-1/Labs/06-display_driver/display_driver/display_driver.srcs/sources_1/new/top.vhd' ignored due to errors
