#-----------------------------------------------------------
# Vivado v2020.2 (64-bit)
# SW Build 3064766 on Wed Nov 18 09:12:45 MST 2020
# IP Build 3064653 on Wed Nov 18 14:17:31 MST 2020
# Start of session at: Tue Mar  2 17:38:11 2021
# Process ID: 14432
# Current directory: C:/Users/egeme/Digital-electronics-1/Labs/03-vivado/multiplexer
# Command line: vivado.exe -gui_launcher_event rodinguilauncherevent8508 C:\Users\egeme\Digital-electronics-1\Labs\03-vivado\multiplexer\multiplexer.xpr
# Log file: C:/Users/egeme/Digital-electronics-1/Labs/03-vivado/multiplexer/vivado.log
# Journal file: C:/Users/egeme/Digital-electronics-1/Labs/03-vivado/multiplexer\vivado.jou
#-----------------------------------------------------------
start_gui
open_project C:/Users/egeme/Digital-electronics-1/Labs/03-vivado/multiplexer/multiplexer.xpr
WARNING: [filemgmt 56-3] Default IP Output Path : Could not find the directory 'C:/Users/egeme/Digital-electronics-1/Labs/03-vivado/multiplexer/multiplexer.gen/sources_1'.
Scanning sources...
Finished scanning sources
INFO: [IP_Flow 19-234] Refreshing IP repositories
INFO: [IP_Flow 19-1704] No user IP repositories specified
INFO: [IP_Flow 19-2313] Loaded Vivado IP repository 'D:/Xilinx/Vivado/2020.2/data/ip'.
open_project: Time (s): cpu = 00:00:15 ; elapsed = 00:00:17 . Memory (MB): peak = 947.910 ; gain = 0.000
update_compile_order -fileset sources_1
launch_simulation
Command: launch_simulation 
INFO: [Vivado 12-5682] Launching behavioral simulation in 'C:/Users/egeme/Digital-electronics-1/Labs/03-vivado/multiplexer/multiplexer.sim/sim_1/behav/xsim'
INFO: [SIM-utils-51] Simulation object is 'sim_1'
INFO: [SIM-utils-54] Inspecting design source files for 'tb_mux_2bit_4to1' in fileset 'sim_1'...
INFO: [USF-XSim-97] Finding global include files...
INFO: [USF-XSim-98] Fetching design files from 'sim_1'...
INFO: [USF-XSim-2] XSim::Compile design
INFO: [USF-XSim-61] Executing 'COMPILE and ANALYZE' step in 'C:/Users/egeme/Digital-electronics-1/Labs/03-vivado/multiplexer/multiplexer.sim/sim_1/behav/xsim'
"xvhdl --incr --relax -prj tb_mux_2bit_4to1_vhdl.prj"
INFO: [USF-XSim-69] 'compile' step finished in '4' seconds
INFO: [USF-XSim-3] XSim::Elaborate design
INFO: [USF-XSim-61] Executing 'ELABORATE' step in 'C:/Users/egeme/Digital-electronics-1/Labs/03-vivado/multiplexer/multiplexer.sim/sim_1/behav/xsim'
"xelab -wto ea9b5b4cc6954e7f95a26ccadac1db31 --incr --debug typical --relax --mt 2 -L xil_defaultlib -L secureip --snapshot tb_mux_2bit_4to1_behav xil_defaultlib.tb_mux_2bit_4to1 -log elaborate.log"
Vivado Simulator 2020.2
Copyright 1986-1999, 2001-2020 Xilinx, Inc. All Rights Reserved.
Running: D:/Xilinx/Vivado/2020.2/bin/unwrapped/win64.o/xelab.exe -wto ea9b5b4cc6954e7f95a26ccadac1db31 --incr --debug typical --relax --mt 2 -L xil_defaultlib -L secureip --snapshot tb_mux_2bit_4to1_behav xil_defaultlib.tb_mux_2bit_4to1 -log elaborate.log 
Using 2 slave threads.
Starting static elaboration
Completed static elaboration
INFO: [XSIM 43-4323] No Change in HDL. Linking previously generated obj files to create kernel
INFO: [USF-XSim-69] 'elaborate' step finished in '4' seconds
INFO: [USF-XSim-4] XSim::Simulate design
INFO: [USF-XSim-61] Executing 'SIMULATE' step in 'C:/Users/egeme/Digital-electronics-1/Labs/03-vivado/multiplexer/multiplexer.sim/sim_1/behav/xsim'
INFO: [USF-XSim-98] *** Running xsim
   with args "tb_mux_2bit_4to1_behav -key {Behavioral:sim_1:Functional:tb_mux_2bit_4to1} -tclbatch {tb_mux_2bit_4to1.tcl} -log {simulate.log}"
INFO: [USF-XSim-8] Loading simulator feature
Vivado Simulator 2020.2
Time resolution is 1 ps
source tb_mux_2bit_4to1.tcl
# set curr_wave [current_wave_config]
# if { [string length $curr_wave] == 0 } {
#   if { [llength [get_objects]] > 0} {
#     add_wave /
#     set_property needs_save false [current_wave_config]
#   } else {
#      send_msg_id Add_Wave-1 WARNING "No top level signals found. Simulator will start without a wave window. If you want to open a wave window go to 'File->New Waveform Configuration' or type 'create_wave_config' in the TCL console."
#   }
# }
# run 1000ns
Note: Stimulus process started
Time: 0 ps  Iteration: 0  Process: /tb_mux_2bit_4to1/p_stimulus  File: C:/Users/egeme/Digital-electronics-1/Labs/03-vivado/multiplexer/multiplexer.srcs/sim_1/new/tb_mux_2bit_4to1.vhd
Note: Stimulus process finished
Time: 400 ns  Iteration: 0  Process: /tb_mux_2bit_4to1/p_stimulus  File: C:/Users/egeme/Digital-electronics-1/Labs/03-vivado/multiplexer/multiplexer.srcs/sim_1/new/tb_mux_2bit_4to1.vhd
INFO: [USF-XSim-96] XSim completed. Design snapshot 'tb_mux_2bit_4to1_behav' loaded.
INFO: [USF-XSim-97] XSim simulation ran for 1000ns
launch_simulation: Time (s): cpu = 00:00:09 ; elapsed = 00:00:13 . Memory (MB): peak = 947.910 ; gain = 0.000
file mkdir C:/Users/egeme/Digital-electronics-1/Labs/03-vivado/multiplexer/multiplexer.srcs/constrs_1
file mkdir C:/Users/egeme/Digital-electronics-1/Labs/03-vivado/multiplexer/multiplexer.srcs/constrs_1/new
close [ open C:/Users/egeme/Digital-electronics-1/Labs/03-vivado/multiplexer/multiplexer.srcs/constrs_1/new/nexys-a7-50t.xdc w ]
add_files -fileset constrs_1 C:/Users/egeme/Digital-electronics-1/Labs/03-vivado/multiplexer/multiplexer.srcs/constrs_1/new/nexys-a7-50t.xdc
close_sim
INFO: [Simtcl 6-16] Simulation closed
exit
INFO: [Common 17-206] Exiting Vivado at Tue Mar  2 18:27:39 2021...
